2025-07-08 15:36:48,502 - INFO - ===== 开始执行 GitHub Trending 爬虫 =====
2025-07-08 15:36:48,511 - INFO - 开始爬取 所有语言 的 Trending 仓库
2025-07-08 15:36:48,511 - INFO - 请求页面: https://github.com/trending (尝试 1/3)
2025-07-08 15:36:51,550 - INFO - 开始解析 所有语言 的 Trending 页面
2025-07-08 15:36:51,795 - INFO - 成功获取 10 个 JavaScript 的 Trending 仓库
2025-07-08 15:36:51,798 - INFO - 成功保存 10 个 所有语言 的仓库
2025-07-08 15:36:51,799 - INFO - 等待 5.93 秒后继续下一种语言
2025-07-08 15:36:57,727 - INFO - 开始爬取 python 的 Trending 仓库
2025-07-08 15:36:57,727 - INFO - 请求页面: https://github.com/trending/python (尝试 1/3)
2025-07-08 15:37:02,531 - INFO - 开始解析 python 的 Trending 页面
2025-07-08 15:37:02,778 - INFO - 成功获取 8 个 Python 的 Trending 仓库
2025-07-08 15:37:02,783 - INFO - 成功保存 8 个 python 的仓库
2025-07-08 15:37:02,784 - INFO - 等待 3.53 秒后继续下一种语言
2025-07-08 15:37:06,310 - INFO - 开始爬取 javascript 的 Trending 仓库
2025-07-08 15:37:06,310 - INFO - 请求页面: https://github.com/trending/javascript (尝试 1/3)
2025-07-08 15:37:12,182 - INFO - 开始解析 javascript 的 Trending 页面
2025-07-08 15:37:12,440 - INFO - 成功获取 12 个 JavaScript 的 Trending 仓库
2025-07-08 15:37:12,443 - INFO - 成功保存 12 个 javascript 的仓库
2025-07-08 15:37:12,443 - INFO - 等待 6.44 秒后继续下一种语言
2025-07-08 15:37:18,887 - INFO - 开始爬取 java 的 Trending 仓库
2025-07-08 15:37:18,887 - INFO - 请求页面: https://github.com/trending/java (尝试 1/3)
2025-07-08 15:37:22,816 - INFO - 开始解析 java 的 Trending 页面
2025-07-08 15:37:23,128 - INFO - 成功获取 19 个 Java 的 Trending 仓库
2025-07-08 15:37:23,133 - INFO - 成功保存 19 个 java 的仓库
2025-07-08 15:37:23,133 - INFO - 等待 4.24 秒后继续下一种语言
2025-07-08 15:37:27,382 - INFO - 开始爬取 typescript 的 Trending 仓库
2025-07-08 15:37:27,382 - INFO - 请求页面: https://github.com/trending/typescript (尝试 1/3)
2025-07-08 15:37:33,422 - INFO - 开始解析 typescript 的 Trending 页面
2025-07-08 15:37:33,622 - INFO - 成功获取 15 个 TypeScript 的 Trending 仓库
2025-07-08 15:37:33,626 - INFO - 成功保存 15 个 typescript 的仓库
2025-07-08 15:37:33,627 - INFO - 等待 3.95 秒后继续下一种语言
2025-07-08 15:37:37,578 - INFO - 开始爬取 c++ 的 Trending 仓库
2025-07-08 15:37:37,579 - INFO - 请求页面: https://github.com/trending/c++ (尝试 1/3)
2025-07-08 15:37:51,855 - WARNING - 请求超时: https://github.com/trending/c++
2025-07-08 15:37:51,856 - INFO - 等待 1.29 秒后重试
2025-07-08 15:37:53,152 - INFO - 请求页面: https://github.com/trending/c++ (尝试 2/3)
2025-07-08 15:37:55,730 - INFO - 开始解析 c++ 的 Trending 页面
2025-07-08 15:37:55,982 - INFO - 成功获取 18 个 C++ 的 Trending 仓库
2025-07-08 15:37:55,984 - INFO - 成功保存 18 个 c++ 的仓库
2025-07-08 15:37:55,985 - INFO - 等待 3.54 秒后继续下一种语言
2025-07-08 15:37:59,527 - INFO - 开始爬取 c# 的 Trending 仓库
2025-07-08 15:37:59,527 - INFO - 请求页面: https://github.com/trending/c# (尝试 1/3)
2025-07-08 15:38:09,540 - WARNING - 请求超时: https://github.com/trending/c#
2025-07-08 15:38:09,541 - INFO - 等待 1.05 秒后重试
2025-07-08 15:38:10,599 - INFO - 请求页面: https://github.com/trending/c# (尝试 2/3)
2025-07-08 15:38:20,616 - WARNING - 请求超时: https://github.com/trending/c#
2025-07-08 15:38:20,616 - INFO - 等待 2.31 秒后重试
2025-07-08 15:38:22,925 - INFO - 请求页面: https://github.com/trending/c# (尝试 3/3)
2025-07-08 15:38:33,073 - INFO - 开始解析 c# 的 Trending 页面
2025-07-08 15:38:33,348 - INFO - 成功获取 22 个 C 的 Trending 仓库
2025-07-08 15:38:33,359 - INFO - 成功保存 22 个 c# 的仓库
2025-07-08 15:38:33,359 - INFO - 等待 6.49 秒后继续下一种语言
2025-07-08 15:38:39,850 - INFO - 开始爬取 go 的 Trending 仓库
2025-07-08 15:38:39,850 - INFO - 请求页面: https://github.com/trending/go (尝试 1/3)
2025-07-08 15:38:44,210 - INFO - 开始解析 go 的 Trending 页面
2025-07-08 15:38:44,427 - INFO - 成功获取 21 个 Go 的 Trending 仓库
2025-07-08 15:38:44,431 - INFO - 成功保存 21 个 go 的仓库
2025-07-08 15:38:44,431 - INFO - 等待 5.75 秒后继续下一种语言
2025-07-08 15:38:50,187 - INFO - 开始爬取 rust 的 Trending 仓库
2025-07-08 15:38:50,187 - INFO - 请求页面: https://github.com/trending/rust (尝试 1/3)
2025-07-08 15:38:53,682 - INFO - 开始解析 rust 的 Trending 页面
2025-07-08 15:38:53,953 - INFO - 成功获取 20 个 Rust 的 Trending 仓库
2025-07-08 15:38:53,958 - INFO - 成功保存 20 个 rust 的仓库
2025-07-08 15:38:53,959 - INFO - 等待 5.95 秒后继续下一种语言
2025-07-08 15:38:59,912 - INFO - 开始爬取 php 的 Trending 仓库
2025-07-08 15:38:59,912 - INFO - 请求页面: https://github.com/trending/php (尝试 1/3)
2025-07-08 15:39:10,442 - WARNING - 请求超时: https://github.com/trending/php
2025-07-08 15:39:10,442 - INFO - 等待 1.46 秒后重试
2025-07-08 15:39:11,904 - INFO - 请求页面: https://github.com/trending/php (尝试 2/3)
2025-07-08 15:39:24,762 - INFO - 开始解析 php 的 Trending 页面
2025-07-08 15:39:25,034 - INFO - 成功获取 22 个 PHP 的 Trending 仓库
2025-07-08 15:39:25,051 - INFO - 成功保存 22 个 php 的仓库
2025-07-08 15:39:25,052 - INFO - 等待 4.87 秒后继续下一种语言
2025-07-08 15:39:29,925 - INFO - 开始爬取 ruby 的 Trending 仓库
2025-07-08 15:39:29,925 - INFO - 请求页面: https://github.com/trending/ruby (尝试 1/3)
2025-07-08 15:39:33,560 - INFO - 开始解析 ruby 的 Trending 页面
2025-07-08 15:39:33,780 - INFO - 成功获取 20 个 Ruby 的 Trending 仓库
2025-07-08 15:39:33,783 - INFO - 成功保存 20 个 ruby 的仓库
2025-07-08 15:39:33,783 - INFO - 等待 6.65 秒后继续下一种语言
2025-07-08 15:39:40,437 - INFO - 开始爬取 swift 的 Trending 仓库
2025-07-08 15:39:40,438 - INFO - 请求页面: https://github.com/trending/swift (尝试 1/3)
2025-07-08 15:39:43,943 - INFO - 开始解析 swift 的 Trending 页面
2025-07-08 15:39:44,258 - INFO - 成功获取 17 个 Swift 的 Trending 仓库
2025-07-08 15:39:44,264 - INFO - 成功保存 17 个 swift 的仓库
2025-07-08 15:39:44,265 - INFO - 等待 5.73 秒后继续下一种语言
2025-07-08 15:39:49,996 - INFO - 开始爬取 kotlin 的 Trending 仓库
2025-07-08 15:39:49,996 - INFO - 请求页面: https://github.com/trending/kotlin (尝试 1/3)
2025-07-08 15:39:58,995 - INFO - 开始解析 kotlin 的 Trending 页面
2025-07-08 15:39:59,341 - INFO - 成功获取 18 个 Kotlin 的 Trending 仓库
2025-07-08 15:39:59,346 - INFO - 成功保存 18 个 kotlin 的仓库
2025-07-08 15:39:59,347 - INFO - 等待 5.65 秒后继续下一种语言
2025-07-08 15:40:05,000 - INFO - 开始爬取 dart 的 Trending 仓库
2025-07-08 15:40:05,001 - INFO - 请求页面: https://github.com/trending/dart (尝试 1/3)
2025-07-08 15:40:10,719 - INFO - 开始解析 dart 的 Trending 页面
2025-07-08 15:40:11,193 - INFO - 成功获取 21 个 Dart 的 Trending 仓库
2025-07-08 15:40:11,196 - INFO - 成功保存 21 个 dart 的仓库
2025-07-08 15:40:11,197 - INFO - 等待 6.09 秒后继续下一种语言
2025-07-08 15:40:17,285 - INFO - 开始爬取 html 的 Trending 仓库
2025-07-08 15:40:17,285 - INFO - 请求页面: https://github.com/trending/html (尝试 1/3)
2025-07-08 15:40:21,622 - INFO - 开始解析 html 的 Trending 页面
2025-07-08 15:40:21,921 - INFO - 成功获取 19 个 HTML 的 Trending 仓库
2025-07-08 15:40:21,925 - INFO - 成功保存 19 个 html 的仓库
2025-07-08 15:40:21,926 - INFO - 等待 3.28 秒后继续下一种语言
2025-07-08 15:40:25,206 - INFO - 开始爬取 css 的 Trending 仓库
2025-07-08 15:40:25,206 - INFO - 请求页面: https://github.com/trending/css (尝试 1/3)
2025-07-08 15:40:32,996 - INFO - 开始解析 css 的 Trending 页面
2025-07-08 15:40:33,190 - INFO - 成功获取 11 个 CSS 的 Trending 仓库
2025-07-08 15:40:33,194 - INFO - 成功保存 11 个 css 的仓库
2025-07-08 15:40:33,194 - INFO - 等待 5.61 秒后继续下一种语言
2025-07-08 15:40:38,802 - INFO - 开始爬取 shell 的 Trending 仓库
2025-07-08 15:40:38,802 - INFO - 请求页面: https://github.com/trending/shell (尝试 1/3)
2025-07-08 15:40:42,639 - INFO - 开始解析 shell 的 Trending 页面
2025-07-08 15:40:42,965 - INFO - 成功获取 14 个 Shell 的 Trending 仓库
2025-07-08 15:40:42,968 - INFO - 成功保存 14 个 shell 的仓库
2025-07-08 15:40:42,968 - INFO - 等待 4.95 秒后继续下一种语言
2025-07-08 15:40:47,925 - INFO - 总共成功保存 287 个仓库到数据库
2025-07-08 15:40:47,926 - INFO - 已清除状态文件
2025-07-08 15:40:47,926 - INFO - ===== GitHub Trending 爬虫执行完成 =====
2025-07-08 15:45:41,813 - INFO - ===== 开始执行 GitHub Trending 爬虫 =====
2025-07-08 15:45:41,815 - INFO - 开始爬取 所有语言 的 Trending 仓库
2025-07-08 15:45:41,815 - INFO - 请求页面: https://github.com/trending (尝试 1/10)
2025-07-08 15:45:44,610 - INFO - 开始解析 所有语言 的 Trending 页面
2025-07-08 15:45:44,804 - INFO - 成功获取 10 个 JavaScript 的 Trending 仓库
2025-07-08 15:45:44,807 - INFO - 成功保存 10 个 所有语言 的仓库
2025-07-08 15:45:44,807 - INFO - 等待 3.78 秒后继续下一种语言
2025-07-08 15:45:48,587 - INFO - 开始爬取 python 的 Trending 仓库
2025-07-08 15:45:48,587 - INFO - 请求页面: https://github.com/trending/python (尝试 1/10)
2025-07-08 15:45:50,447 - INFO - 开始解析 python 的 Trending 页面
2025-07-08 15:45:50,647 - INFO - 成功获取 8 个 Python 的 Trending 仓库
2025-07-08 15:45:50,650 - INFO - 成功保存 8 个 python 的仓库
2025-07-08 15:45:50,650 - INFO - 等待 4.45 秒后继续下一种语言
2025-07-08 15:45:55,106 - INFO - 开始爬取 javascript 的 Trending 仓库
2025-07-08 15:45:55,107 - INFO - 请求页面: https://github.com/trending/javascript (尝试 1/10)
2025-07-08 15:45:57,020 - INFO - 开始解析 javascript 的 Trending 页面
2025-07-08 15:45:57,253 - INFO - 成功获取 12 个 JavaScript 的 Trending 仓库
2025-07-08 15:45:57,258 - INFO - 成功保存 12 个 javascript 的仓库
2025-07-08 15:45:57,259 - INFO - 等待 5.60 秒后继续下一种语言
2025-07-08 15:46:02,863 - INFO - 开始爬取 java 的 Trending 仓库
2025-07-08 15:46:02,863 - INFO - 请求页面: https://github.com/trending/java (尝试 1/10)
2025-07-08 15:46:04,718 - INFO - 开始解析 java 的 Trending 页面
2025-07-08 15:46:04,938 - INFO - 成功获取 19 个 Java 的 Trending 仓库
2025-07-08 15:46:04,941 - INFO - 成功保存 19 个 java 的仓库
2025-07-08 15:46:04,941 - INFO - 等待 6.34 秒后继续下一种语言
2025-07-08 15:46:11,286 - INFO - 开始爬取 typescript 的 Trending 仓库
2025-07-08 15:46:11,286 - INFO - 请求页面: https://github.com/trending/typescript (尝试 1/10)
2025-07-08 15:46:13,170 - INFO - 开始解析 typescript 的 Trending 页面
2025-07-08 15:46:13,416 - INFO - 成功获取 15 个 TypeScript 的 Trending 仓库
2025-07-08 15:46:13,420 - INFO - 成功保存 15 个 typescript 的仓库
2025-07-08 15:46:13,420 - INFO - 等待 6.82 秒后继续下一种语言
2025-07-08 15:46:20,244 - INFO - 开始爬取 c++ 的 Trending 仓库
2025-07-08 15:46:20,244 - INFO - 请求页面: https://github.com/trending/c++ (尝试 1/10)
2025-07-08 15:46:22,298 - INFO - 开始解析 c++ 的 Trending 页面
2025-07-08 15:46:22,625 - INFO - 成功获取 18 个 C++ 的 Trending 仓库
2025-07-08 15:46:22,629 - INFO - 成功保存 18 个 c++ 的仓库
2025-07-08 15:46:22,629 - INFO - 等待 3.26 秒后继续下一种语言
2025-07-08 15:46:25,891 - INFO - 开始爬取 c# 的 Trending 仓库
2025-07-08 15:46:25,891 - INFO - 请求页面: https://github.com/trending/c# (尝试 1/10)
2025-07-08 15:46:28,143 - INFO - 开始解析 c# 的 Trending 页面
2025-07-08 15:46:28,426 - INFO - 成功获取 22 个 C 的 Trending 仓库
2025-07-08 15:46:28,431 - INFO - 成功保存 22 个 c# 的仓库
2025-07-08 15:46:28,431 - INFO - 等待 5.92 秒后继续下一种语言
2025-07-08 15:46:34,353 - INFO - 开始爬取 go 的 Trending 仓库
2025-07-08 15:46:34,353 - INFO - 请求页面: https://github.com/trending/go (尝试 1/10)
2025-07-08 15:46:36,823 - INFO - 开始解析 go 的 Trending 页面
2025-07-08 15:46:37,088 - INFO - 成功获取 21 个 Go 的 Trending 仓库
2025-07-08 15:46:37,091 - INFO - 成功保存 21 个 go 的仓库
2025-07-08 15:46:37,092 - INFO - 等待 3.12 秒后继续下一种语言
2025-07-08 15:46:40,213 - INFO - 开始爬取 rust 的 Trending 仓库
2025-07-08 15:46:40,213 - INFO - 请求页面: https://github.com/trending/rust (尝试 1/10)
2025-07-08 15:46:43,109 - INFO - 开始解析 rust 的 Trending 页面
2025-07-08 15:46:43,370 - INFO - 成功获取 20 个 Rust 的 Trending 仓库
2025-07-08 15:46:43,374 - INFO - 成功保存 20 个 rust 的仓库
2025-07-08 15:46:43,374 - INFO - 等待 5.83 秒后继续下一种语言
2025-07-08 15:46:49,199 - INFO - 开始爬取 php 的 Trending 仓库
2025-07-08 15:46:49,199 - INFO - 请求页面: https://github.com/trending/php (尝试 1/10)
2025-07-08 15:46:51,778 - INFO - 开始解析 php 的 Trending 页面
2025-07-08 15:46:52,048 - INFO - 成功获取 22 个 PHP 的 Trending 仓库
2025-07-08 15:46:52,051 - INFO - 成功保存 22 个 php 的仓库
2025-07-08 15:46:52,051 - INFO - 等待 6.65 秒后继续下一种语言
2025-07-08 15:46:58,701 - INFO - 开始爬取 ruby 的 Trending 仓库
2025-07-08 15:46:58,701 - INFO - 请求页面: https://github.com/trending/ruby (尝试 1/10)
2025-07-08 15:47:00,793 - INFO - 开始解析 ruby 的 Trending 页面
2025-07-08 15:47:01,004 - INFO - 成功获取 20 个 Ruby 的 Trending 仓库
2025-07-08 15:47:01,008 - INFO - 成功保存 20 个 ruby 的仓库
2025-07-08 15:47:01,009 - INFO - 等待 4.62 秒后继续下一种语言
2025-07-08 15:47:05,624 - INFO - 开始爬取 swift 的 Trending 仓库
2025-07-08 15:47:05,624 - INFO - 请求页面: https://github.com/trending/swift (尝试 1/10)
2025-07-08 15:47:07,391 - INFO - 开始解析 swift 的 Trending 页面
2025-07-08 15:47:07,602 - INFO - 成功获取 17 个 Swift 的 Trending 仓库
2025-07-08 15:47:07,605 - INFO - 成功保存 17 个 swift 的仓库
2025-07-08 15:47:07,605 - INFO - 等待 6.61 秒后继续下一种语言
2025-07-08 15:47:14,215 - INFO - 开始爬取 kotlin 的 Trending 仓库
2025-07-08 15:47:14,215 - INFO - 请求页面: https://github.com/trending/kotlin (尝试 1/10)
2025-07-08 15:47:17,669 - INFO - 开始解析 kotlin 的 Trending 页面
2025-07-08 15:47:18,016 - INFO - 成功获取 18 个 Kotlin 的 Trending 仓库
2025-07-08 15:47:18,019 - INFO - 成功保存 18 个 kotlin 的仓库
2025-07-08 15:47:18,020 - INFO - 等待 5.70 秒后继续下一种语言
2025-07-08 15:47:23,726 - INFO - 开始爬取 dart 的 Trending 仓库
2025-07-08 15:47:23,726 - INFO - 请求页面: https://github.com/trending/dart (尝试 1/10)
2025-07-08 15:47:25,843 - INFO - 开始解析 dart 的 Trending 页面
2025-07-08 15:47:26,117 - INFO - 成功获取 21 个 Dart 的 Trending 仓库
2025-07-08 15:47:26,125 - INFO - 成功保存 21 个 dart 的仓库
2025-07-08 15:47:26,126 - INFO - 等待 3.13 秒后继续下一种语言
2025-07-08 15:47:29,258 - INFO - 开始爬取 html 的 Trending 仓库
2025-07-08 15:47:29,258 - INFO - 请求页面: https://github.com/trending/html (尝试 1/10)
2025-07-08 15:47:31,161 - INFO - 开始解析 html 的 Trending 页面
2025-07-08 15:47:31,369 - INFO - 成功获取 19 个 HTML 的 Trending 仓库
2025-07-08 15:47:31,372 - INFO - 成功保存 19 个 html 的仓库
2025-07-08 15:47:31,372 - INFO - 等待 3.26 秒后继续下一种语言
2025-07-08 15:47:34,631 - INFO - 开始爬取 css 的 Trending 仓库
2025-07-08 15:47:34,631 - INFO - 请求页面: https://github.com/trending/css (尝试 1/10)
2025-07-08 15:47:36,179 - INFO - 开始解析 css 的 Trending 页面
2025-07-08 15:47:36,347 - INFO - 成功获取 11 个 CSS 的 Trending 仓库
2025-07-08 15:47:36,350 - INFO - 成功保存 11 个 css 的仓库
2025-07-08 15:47:36,351 - INFO - 等待 6.28 秒后继续下一种语言
2025-07-08 15:47:42,631 - INFO - 开始爬取 shell 的 Trending 仓库
2025-07-08 15:47:42,632 - INFO - 请求页面: https://github.com/trending/shell (尝试 1/10)
2025-07-08 15:47:44,569 - INFO - 开始解析 shell 的 Trending 页面
2025-07-08 15:47:44,818 - INFO - 成功获取 14 个 Shell 的 Trending 仓库
2025-07-08 15:47:44,821 - INFO - 成功保存 14 个 shell 的仓库
2025-07-08 15:47:44,822 - INFO - 等待 5.30 秒后继续下一种语言
2025-07-08 15:47:50,121 - INFO - 开始爬取 objective-c 的 Trending 仓库
2025-07-08 15:47:50,121 - INFO - 请求页面: https://github.com/trending/objective-c (尝试 1/10)
2025-07-08 15:47:52,382 - INFO - 开始解析 objective-c 的 Trending 页面
2025-07-08 15:47:52,568 - INFO - 成功获取 13 个 Objective-C 的 Trending 仓库
2025-07-08 15:47:52,570 - INFO - 成功保存 13 个 objective-c 的仓库
2025-07-08 15:47:52,571 - INFO - 等待 6.68 秒后继续下一种语言
2025-07-08 15:47:59,251 - INFO - 开始爬取 scala 的 Trending 仓库
2025-07-08 15:47:59,251 - INFO - 请求页面: https://github.com/trending/scala (尝试 1/10)
2025-07-08 15:48:07,562 - INFO - 开始解析 scala 的 Trending 页面
2025-07-08 15:48:07,768 - INFO - 成功获取 15 个 Scala 的 Trending 仓库
2025-07-08 15:48:07,773 - INFO - 成功保存 15 个 scala 的仓库
2025-07-08 15:48:07,774 - INFO - 等待 3.58 秒后继续下一种语言
2025-07-08 15:48:11,363 - INFO - 开始爬取 groovy 的 Trending 仓库
2025-07-08 15:48:11,363 - INFO - 请求页面: https://github.com/trending/groovy (尝试 1/10)
2025-07-08 15:48:24,824 - WARNING - 请求超时: https://github.com/trending/groovy
2025-07-08 15:48:24,824 - INFO - 等待 1.16 秒后重试
2025-07-08 15:48:25,986 - INFO - 请求页面: https://github.com/trending/groovy (尝试 2/10)
2025-07-08 15:48:36,887 - INFO - 开始解析 groovy 的 Trending 页面
2025-07-08 15:48:37,097 - INFO - 成功获取 2 个 Groovy 的 Trending 仓库
2025-07-08 15:48:37,100 - INFO - 成功保存 2 个 groovy 的仓库
2025-07-08 15:48:37,100 - INFO - 等待 6.64 秒后继续下一种语言
2025-07-08 15:48:43,741 - INFO - 开始爬取 haskell 的 Trending 仓库
2025-07-08 15:48:43,741 - INFO - 请求页面: https://github.com/trending/haskell (尝试 1/10)
2025-07-08 15:48:45,354 - INFO - 开始解析 haskell 的 Trending 页面
2025-07-08 15:48:45,640 - INFO - 成功获取 5 个 Haskell 的 Trending 仓库
2025-07-08 15:48:45,643 - INFO - 成功保存 5 个 haskell 的仓库
2025-07-08 15:48:45,644 - INFO - 等待 3.38 秒后继续下一种语言
2025-07-08 15:48:49,025 - INFO - 开始爬取 perl 的 Trending 仓库
2025-07-08 15:48:49,026 - INFO - 请求页面: https://github.com/trending/perl (尝试 1/10)
2025-07-08 15:48:50,765 - INFO - 开始解析 perl 的 Trending 页面
2025-07-08 15:48:51,005 - INFO - 成功获取 10 个 Perl 的 Trending 仓库
2025-07-08 15:48:51,008 - INFO - 成功保存 10 个 perl 的仓库
2025-07-08 15:48:51,009 - INFO - 等待 5.18 秒后继续下一种语言
2025-07-08 15:48:56,191 - INFO - 总共成功保存 332 个仓库到数据库
2025-07-08 15:48:56,191 - INFO - 已清除状态文件
2025-07-08 15:48:56,191 - INFO - ===== GitHub Trending 爬虫执行完成 =====
2025-07-09 10:50:48,001 - INFO - ===== 开始执行 GitHub Trending 爬虫 =====
2025-07-09 10:50:48,008 - INFO - 开始爬取 所有语言 的 Trending 仓库
2025-07-09 10:50:48,008 - INFO - 请求页面: https://github.com/trending (尝试 1/10)
2025-07-09 10:51:07,786 - WARNING - 请求超时: https://github.com/trending
2025-07-09 10:51:07,787 - INFO - 等待 1.09 秒后重试
2025-07-09 10:51:08,878 - INFO - 请求页面: https://github.com/trending (尝试 2/10)
2025-07-09 10:51:10,812 - INFO - 开始解析 所有语言 的 Trending 页面
2025-07-09 10:51:11,067 - INFO - 成功获取 14 个 所有语言 的 Trending 仓库
2025-07-09 10:51:11,090 - INFO - 成功保存 14 个 所有语言 的仓库
2025-07-09 10:51:11,090 - INFO - 等待 5.41 秒后继续下一种语言
2025-07-09 10:51:16,502 - INFO - 开始爬取 python 的 Trending 仓库
2025-07-09 10:51:16,503 - INFO - 请求页面: https://github.com/trending/python (尝试 1/10)
2025-07-09 10:51:19,316 - INFO - 开始解析 python 的 Trending 页面
2025-07-09 10:51:19,812 - INFO - 成功获取 14 个 Python 的 Trending 仓库
2025-07-09 10:51:19,820 - INFO - 成功保存 14 个 python 的仓库
2025-07-09 10:51:19,823 - INFO - 等待 4.99 秒后继续下一种语言
2025-07-09 10:51:24,821 - INFO - 开始爬取 javascript 的 Trending 仓库
2025-07-09 10:51:24,821 - INFO - 请求页面: https://github.com/trending/javascript (尝试 1/10)
2025-07-09 10:51:28,747 - INFO - 开始解析 javascript 的 Trending 页面
2025-07-09 10:51:29,083 - INFO - 成功获取 12 个 JavaScript 的 Trending 仓库
2025-07-09 10:51:29,097 - INFO - 成功保存 12 个 javascript 的仓库
2025-07-09 10:51:29,097 - INFO - 等待 3.68 秒后继续下一种语言
2025-07-09 10:51:32,782 - INFO - 开始爬取 java 的 Trending 仓库
2025-07-09 10:51:32,782 - INFO - 请求页面: https://github.com/trending/java (尝试 1/10)
2025-07-09 10:51:42,795 - WARNING - 请求超时: https://github.com/trending/java
2025-07-09 10:51:42,795 - INFO - 等待 1.09 秒后重试
2025-07-09 10:51:43,886 - INFO - 请求页面: https://github.com/trending/java (尝试 2/10)
2025-07-09 10:51:53,897 - WARNING - 请求超时: https://github.com/trending/java
2025-07-09 10:51:53,898 - INFO - 等待 2.66 秒后重试
2025-07-09 10:51:56,564 - INFO - 请求页面: https://github.com/trending/java (尝试 3/10)
2025-07-09 10:52:06,571 - WARNING - 请求超时: https://github.com/trending/java
2025-07-09 10:52:06,571 - INFO - 等待 4.82 秒后重试
2025-07-09 10:52:11,391 - INFO - 请求页面: https://github.com/trending/java (尝试 4/10)
2025-07-09 10:52:13,340 - INFO - 开始解析 java 的 Trending 页面
2025-07-09 10:52:13,726 - INFO - 成功获取 21 个 Java 的 Trending 仓库
2025-07-09 10:52:13,750 - INFO - 成功保存 21 个 java 的仓库
2025-07-09 10:52:13,751 - INFO - 等待 6.46 秒后继续下一种语言
2025-07-09 10:52:20,228 - INFO - 开始爬取 typescript 的 Trending 仓库
2025-07-09 10:52:20,228 - INFO - 请求页面: https://github.com/trending/typescript (尝试 1/10)
2025-07-09 10:52:23,266 - INFO - 开始解析 typescript 的 Trending 页面
2025-07-09 10:52:23,674 - INFO - 成功获取 18 个 TypeScript 的 Trending 仓库
2025-07-09 10:52:23,691 - INFO - 成功保存 18 个 typescript 的仓库
2025-07-09 10:52:23,691 - INFO - 等待 5.63 秒后继续下一种语言
2025-07-09 10:52:29,323 - INFO - 开始爬取 c++ 的 Trending 仓库
2025-07-09 10:52:29,342 - INFO - 请求页面: https://github.com/trending/c++ (尝试 1/10)
2025-07-09 10:52:31,519 - INFO - 开始解析 c++ 的 Trending 页面
2025-07-09 10:52:31,947 - INFO - 成功获取 19 个 C++ 的 Trending 仓库
2025-07-09 10:52:31,956 - INFO - 成功保存 19 个 c++ 的仓库
2025-07-09 10:52:31,957 - INFO - 等待 3.30 秒后继续下一种语言
2025-07-09 10:52:35,257 - INFO - 开始爬取 c# 的 Trending 仓库
2025-07-09 10:52:35,258 - INFO - 请求页面: https://github.com/trending/c# (尝试 1/10)
2025-07-09 10:52:37,177 - INFO - 开始解析 c# 的 Trending 页面
2025-07-09 10:52:37,472 - INFO - 成功获取 20 个 C 的 Trending 仓库
2025-07-09 10:52:37,476 - INFO - 成功保存 20 个 c# 的仓库
2025-07-09 10:52:37,476 - INFO - 等待 6.23 秒后继续下一种语言
2025-07-09 10:52:43,713 - INFO - 开始爬取 go 的 Trending 仓库
2025-07-09 10:52:43,713 - INFO - 请求页面: https://github.com/trending/go (尝试 1/10)
2025-07-09 10:52:46,014 - INFO - 开始解析 go 的 Trending 页面
2025-07-09 10:52:46,286 - INFO - 成功获取 22 个 Go 的 Trending 仓库
2025-07-09 10:52:46,290 - INFO - 成功保存 22 个 go 的仓库
2025-07-09 10:52:46,291 - INFO - 等待 4.89 秒后继续下一种语言
2025-07-09 10:52:51,186 - INFO - 开始爬取 rust 的 Trending 仓库
2025-07-09 10:52:51,187 - INFO - 请求页面: https://github.com/trending/rust (尝试 1/10)
2025-07-09 10:52:53,141 - INFO - 开始解析 rust 的 Trending 页面
2025-07-09 10:52:53,567 - INFO - 成功获取 18 个 Rust 的 Trending 仓库
2025-07-09 10:52:53,573 - INFO - 成功保存 18 个 rust 的仓库
2025-07-09 10:52:53,574 - INFO - 等待 4.01 秒后继续下一种语言
2025-07-09 10:52:57,584 - INFO - 开始爬取 php 的 Trending 仓库
2025-07-09 10:52:57,584 - INFO - 请求页面: https://github.com/trending/php (尝试 1/10)
2025-07-09 10:52:59,555 - INFO - 开始解析 php 的 Trending 页面
2025-07-09 10:52:59,867 - INFO - 成功获取 21 个 PHP 的 Trending 仓库
2025-07-09 10:52:59,873 - INFO - 成功保存 21 个 php 的仓库
2025-07-09 10:52:59,874 - INFO - 等待 3.14 秒后继续下一种语言
2025-07-09 10:53:03,020 - INFO - 开始爬取 ruby 的 Trending 仓库
2025-07-09 10:53:03,020 - INFO - 请求页面: https://github.com/trending/ruby (尝试 1/10)
2025-07-09 10:53:05,380 - INFO - 开始解析 ruby 的 Trending 页面
2025-07-09 10:53:05,684 - INFO - 成功获取 20 个 Ruby 的 Trending 仓库
2025-07-09 10:53:05,691 - INFO - 成功保存 20 个 ruby 的仓库
2025-07-09 10:53:05,693 - INFO - 等待 5.35 秒后继续下一种语言
2025-07-09 10:53:11,044 - INFO - 开始爬取 swift 的 Trending 仓库
2025-07-09 10:53:11,044 - INFO - 请求页面: https://github.com/trending/swift (尝试 1/10)
2025-07-09 10:53:13,067 - INFO - 开始解析 swift 的 Trending 页面
2025-07-09 10:53:13,406 - INFO - 成功获取 19 个 Swift 的 Trending 仓库
2025-07-09 10:53:13,414 - INFO - 成功保存 19 个 swift 的仓库
2025-07-09 10:53:13,414 - INFO - 等待 5.78 秒后继续下一种语言
2025-07-09 10:53:19,194 - INFO - 开始爬取 kotlin 的 Trending 仓库
2025-07-09 10:53:19,195 - INFO - 请求页面: https://github.com/trending/kotlin (尝试 1/10)
2025-07-09 10:53:21,897 - INFO - 开始解析 kotlin 的 Trending 页面
2025-07-09 10:53:22,272 - INFO - 成功获取 18 个 Kotlin 的 Trending 仓库
2025-07-09 10:53:22,278 - INFO - 成功保存 18 个 kotlin 的仓库
2025-07-09 10:53:22,278 - INFO - 等待 6.73 秒后继续下一种语言
2025-07-09 10:53:29,008 - INFO - 开始爬取 dart 的 Trending 仓库
2025-07-09 10:53:29,009 - INFO - 请求页面: https://github.com/trending/dart (尝试 1/10)
2025-07-09 10:53:31,862 - INFO - 开始解析 dart 的 Trending 页面
2025-07-09 10:53:32,197 - INFO - 成功获取 21 个 Dart 的 Trending 仓库
2025-07-09 10:53:32,203 - INFO - 成功保存 21 个 dart 的仓库
2025-07-09 10:53:32,204 - INFO - 等待 3.37 秒后继续下一种语言
2025-07-09 10:53:35,579 - INFO - 开始爬取 html 的 Trending 仓库
2025-07-09 10:53:35,579 - INFO - 请求页面: https://github.com/trending/html (尝试 1/10)
2025-07-09 10:53:37,630 - INFO - 开始解析 html 的 Trending 页面
2025-07-09 10:53:37,920 - INFO - 成功获取 18 个 HTML 的 Trending 仓库
2025-07-09 10:53:37,926 - INFO - 成功保存 18 个 html 的仓库
2025-07-09 10:53:37,927 - INFO - 等待 3.99 秒后继续下一种语言
2025-07-09 10:53:41,917 - INFO - 开始爬取 css 的 Trending 仓库
2025-07-09 10:53:41,917 - INFO - 请求页面: https://github.com/trending/css (尝试 1/10)
2025-07-09 10:53:43,549 - INFO - 开始解析 css 的 Trending 页面
2025-07-09 10:53:43,891 - INFO - 成功获取 13 个 CSS 的 Trending 仓库
2025-07-09 10:53:43,896 - INFO - 成功保存 13 个 css 的仓库
2025-07-09 10:53:43,896 - INFO - 等待 3.66 秒后继续下一种语言
2025-07-09 10:53:47,559 - INFO - 开始爬取 shell 的 Trending 仓库
2025-07-09 10:53:47,560 - INFO - 请求页面: https://github.com/trending/shell (尝试 1/10)
2025-07-09 10:53:50,323 - INFO - 开始解析 shell 的 Trending 页面
2025-07-09 10:53:50,540 - INFO - 成功获取 14 个 Shell 的 Trending 仓库
2025-07-09 10:53:50,545 - INFO - 成功保存 14 个 shell 的仓库
2025-07-09 10:53:50,545 - INFO - 等待 6.85 秒后继续下一种语言
2025-07-09 10:53:57,404 - INFO - 开始爬取 objective-cscala 的 Trending 仓库
2025-07-09 10:53:57,405 - INFO - 请求页面: https://github.com/trending/objective-cscala (尝试 1/10)
2025-07-09 10:53:59,691 - INFO - 开始解析 objective-cscala 的 Trending 页面
2025-07-09 10:53:59,886 - INFO - 未找到 objective-cscala 的 Trending 仓库
2025-07-09 10:53:59,886 - WARNING - 未找到 objective-cscala 的 Trending 仓库
2025-07-09 10:53:59,886 - INFO - 等待 3.98 秒后继续下一种语言
2025-07-09 10:54:03,864 - INFO - 开始爬取 groovy 的 Trending 仓库
2025-07-09 10:54:03,865 - INFO - 请求页面: https://github.com/trending/groovy (尝试 1/10)
2025-07-09 10:54:05,474 - INFO - 开始解析 groovy 的 Trending 页面
2025-07-09 10:54:05,676 - INFO - 成功获取 5 个 Groovy 的 Trending 仓库
2025-07-09 10:54:05,680 - INFO - 成功保存 5 个 groovy 的仓库
2025-07-09 10:54:05,681 - INFO - 等待 3.80 秒后继续下一种语言
2025-07-09 10:54:09,485 - INFO - 开始爬取 haskell 的 Trending 仓库
2025-07-09 10:54:09,485 - INFO - 请求页面: https://github.com/trending/haskell (尝试 1/10)
2025-07-09 10:54:12,098 - INFO - 开始解析 haskell 的 Trending 页面
2025-07-09 10:54:12,363 - INFO - 成功获取 5 个 Haskell 的 Trending 仓库
2025-07-09 10:54:12,369 - INFO - 成功保存 5 个 haskell 的仓库
2025-07-09 10:54:12,369 - INFO - 等待 5.44 秒后继续下一种语言
2025-07-09 10:54:17,813 - INFO - 开始爬取 perl 的 Trending 仓库
2025-07-09 10:54:17,813 - INFO - 请求页面: https://github.com/trending/perl (尝试 1/10)
2025-07-09 10:54:20,850 - INFO - 开始解析 perl 的 Trending 页面
2025-07-09 10:54:21,272 - INFO - 成功获取 22 个 Perl 的 Trending 仓库
2025-07-09 10:54:21,275 - INFO - 成功保存 22 个 perl 的仓库
2025-07-09 10:54:21,276 - INFO - 等待 5.92 秒后继续下一种语言
2025-07-09 10:54:27,197 - INFO - 总共成功保存 334 个仓库到数据库
2025-07-09 10:54:27,198 - INFO - 已清除状态文件
2025-07-09 10:54:27,199 - INFO - ===== GitHub Trending 爬虫执行完成 =====
2025-07-10 14:49:29,610 - INFO - ===== 开始执行 GitHub Trending 爬虫 =====
2025-07-10 14:49:29,624 - INFO - 开始爬取 所有语言 的 Trending 仓库
2025-07-10 14:49:29,624 - INFO - 请求页面: https://github.com/trending (尝试 1/10)
2025-07-10 14:49:37,253 - INFO - 开始解析 所有语言 的 Trending 页面
2025-07-10 14:49:37,475 - INFO - 成功获取 14 个 Go 的 Trending 仓库
2025-07-10 14:49:37,490 - INFO - 成功保存 14 个 所有语言 的仓库
2025-07-10 14:49:37,491 - INFO - 等待 4.25 秒后继续下一种语言
2025-07-10 14:49:41,742 - INFO - 开始爬取 python 的 Trending 仓库
2025-07-10 14:49:41,743 - INFO - 请求页面: https://github.com/trending/python (尝试 1/10)
2025-07-10 14:49:57,464 - INFO - 开始解析 python 的 Trending 页面
2025-07-10 14:49:57,692 - INFO - 成功获取 18 个 Python 的 Trending 仓库
2025-07-10 14:49:57,696 - INFO - 成功保存 18 个 python 的仓库
2025-07-10 14:49:57,696 - INFO - 等待 5.59 秒后继续下一种语言
2025-07-10 14:50:03,292 - INFO - 开始爬取 javascript 的 Trending 仓库
2025-07-10 14:50:03,292 - INFO - 请求页面: https://github.com/trending/javascript (尝试 1/10)
2025-07-10 14:50:08,357 - INFO - 开始解析 javascript 的 Trending 页面
2025-07-10 14:50:08,572 - INFO - 成功获取 15 个 JavaScript 的 Trending 仓库
2025-07-10 14:50:08,576 - INFO - 成功保存 15 个 javascript 的仓库
2025-07-10 14:50:08,577 - INFO - 等待 4.66 秒后继续下一种语言
2025-07-10 14:50:13,235 - INFO - 开始爬取 java 的 Trending 仓库
2025-07-10 14:50:13,236 - INFO - 请求页面: https://github.com/trending/java (尝试 1/10)
2025-07-10 14:50:17,982 - INFO - 开始解析 java 的 Trending 页面
2025-07-10 14:50:18,199 - INFO - 成功获取 18 个 Java 的 Trending 仓库
2025-07-10 14:50:18,204 - INFO - 成功保存 18 个 java 的仓库
2025-07-10 14:50:18,205 - INFO - 等待 6.48 秒后继续下一种语言
2025-07-10 14:50:24,686 - INFO - 开始爬取 typescript 的 Trending 仓库
2025-07-10 14:50:24,686 - INFO - 请求页面: https://github.com/trending/typescript (尝试 1/10)
2025-07-10 14:50:36,522 - WARNING - 请求超时: https://github.com/trending/typescript
2025-07-10 14:50:36,522 - INFO - 等待 1.82 秒后重试
2025-07-10 14:50:38,344 - INFO - 请求页面: https://github.com/trending/typescript (尝试 2/10)
2025-07-10 14:50:54,212 - INFO - 开始解析 typescript 的 Trending 页面
2025-07-10 14:50:54,418 - INFO - 成功获取 19 个 TypeScript 的 Trending 仓库
2025-07-10 14:50:54,430 - INFO - 成功保存 19 个 typescript 的仓库
2025-07-10 14:50:54,431 - INFO - 等待 6.67 秒后继续下一种语言
2025-07-10 14:51:01,102 - INFO - 开始爬取 c++ 的 Trending 仓库
2025-07-10 14:51:01,103 - INFO - 请求页面: https://github.com/trending/c++ (尝试 1/10)
2025-07-10 14:51:11,115 - WARNING - 请求超时: https://github.com/trending/c++
2025-07-10 14:51:11,115 - INFO - 等待 1.40 秒后重试
2025-07-10 14:51:12,518 - INFO - 请求页面: https://github.com/trending/c++ (尝试 2/10)
2025-07-10 14:51:22,533 - WARNING - 请求超时: https://github.com/trending/c++
2025-07-10 14:51:22,534 - INFO - 等待 2.56 秒后重试
2025-07-10 14:51:25,095 - INFO - 请求页面: https://github.com/trending/c++ (尝试 3/10)
2025-07-10 14:51:35,103 - WARNING - 请求超时: https://github.com/trending/c++
2025-07-10 14:51:35,103 - INFO - 等待 4.27 秒后重试
2025-07-10 14:51:39,374 - INFO - 请求页面: https://github.com/trending/c++ (尝试 4/10)
2025-07-10 14:51:44,783 - INFO - 开始解析 c++ 的 Trending 页面
2025-07-10 14:51:45,327 - INFO - 成功获取 23 个 C++ 的 Trending 仓库
2025-07-10 14:51:45,334 - INFO - 成功保存 23 个 c++ 的仓库
2025-07-10 14:51:45,335 - INFO - 等待 6.22 秒后继续下一种语言
2025-07-10 14:51:51,556 - INFO - 开始爬取 c# 的 Trending 仓库
2025-07-10 14:51:51,556 - INFO - 请求页面: https://github.com/trending/c# (尝试 1/10)
2025-07-10 14:52:03,738 - INFO - 开始解析 c# 的 Trending 页面
2025-07-10 14:52:03,974 - INFO - 成功获取 20 个 C 的 Trending 仓库
2025-07-10 14:52:03,981 - INFO - 成功保存 20 个 c# 的仓库
2025-07-10 14:52:03,981 - INFO - 等待 3.24 秒后继续下一种语言
2025-07-10 14:52:07,227 - INFO - 开始爬取 go 的 Trending 仓库
2025-07-10 14:52:07,228 - INFO - 请求页面: https://github.com/trending/go (尝试 1/10)
2025-07-10 14:52:10,525 - INFO - 开始解析 go 的 Trending 页面
2025-07-10 14:52:10,749 - INFO - 成功获取 22 个 Go 的 Trending 仓库
2025-07-10 14:52:10,755 - INFO - 成功保存 22 个 go 的仓库
2025-07-10 14:52:10,756 - INFO - 等待 5.35 秒后继续下一种语言
2025-07-10 14:52:16,106 - INFO - 开始爬取 rust 的 Trending 仓库
2025-07-10 14:52:16,106 - INFO - 请求页面: https://github.com/trending/rust (尝试 1/10)
2025-07-10 14:52:26,113 - WARNING - 请求超时: https://github.com/trending/rust
2025-07-10 14:52:26,114 - INFO - 等待 1.98 秒后重试
2025-07-10 14:52:28,097 - INFO - 请求页面: https://github.com/trending/rust (尝试 2/10)
2025-07-10 14:52:41,458 - INFO - 开始解析 rust 的 Trending 页面
2025-07-10 14:52:41,725 - INFO - 成功获取 18 个 Rust 的 Trending 仓库
2025-07-10 14:52:41,732 - INFO - 成功保存 18 个 rust 的仓库
2025-07-10 14:52:41,732 - INFO - 等待 5.05 秒后继续下一种语言
2025-07-10 14:52:46,789 - INFO - 开始爬取 php 的 Trending 仓库
2025-07-10 14:52:46,789 - INFO - 请求页面: https://github.com/trending/php (尝试 1/10)
2025-07-10 14:52:56,799 - WARNING - 请求超时: https://github.com/trending/php
2025-07-10 14:52:56,799 - INFO - 等待 1.97 秒后重试
2025-07-10 14:52:58,774 - INFO - 请求页面: https://github.com/trending/php (尝试 2/10)
2025-07-10 14:53:03,126 - INFO - 开始解析 php 的 Trending 页面
2025-07-10 14:53:03,328 - INFO - 成功获取 21 个 PHP 的 Trending 仓库
2025-07-10 14:53:03,334 - INFO - 成功保存 21 个 php 的仓库
2025-07-10 14:53:03,334 - INFO - 等待 5.66 秒后继续下一种语言
2025-07-10 14:53:09,001 - INFO - 开始爬取 ruby 的 Trending 仓库
2025-07-10 14:53:09,002 - INFO - 请求页面: https://github.com/trending/ruby (尝试 1/10)
2025-07-10 14:53:19,820 - WARNING - 请求超时: https://github.com/trending/ruby
2025-07-10 14:53:19,820 - INFO - 等待 1.84 秒后重试
2025-07-10 14:53:21,669 - INFO - 请求页面: https://github.com/trending/ruby (尝试 2/10)
2025-07-10 14:53:26,408 - INFO - 开始解析 ruby 的 Trending 页面
2025-07-10 14:53:26,619 - INFO - 成功获取 23 个 Ruby 的 Trending 仓库
2025-07-10 14:53:26,623 - INFO - 成功保存 23 个 ruby 的仓库
2025-07-10 14:53:26,623 - INFO - 等待 6.59 秒后继续下一种语言
2025-07-10 14:53:33,218 - INFO - 开始爬取 swift 的 Trending 仓库
2025-07-10 14:53:33,218 - INFO - 请求页面: https://github.com/trending/swift (尝试 1/10)
2025-07-10 14:53:46,867 - WARNING - 请求超时: https://github.com/trending/swift
2025-07-10 14:53:46,867 - INFO - 等待 1.44 秒后重试
2025-07-10 14:53:48,313 - INFO - 请求页面: https://github.com/trending/swift (尝试 2/10)
2025-07-10 14:53:58,318 - WARNING - 请求超时: https://github.com/trending/swift
2025-07-10 14:53:58,318 - INFO - 等待 2.12 秒后重试
2025-07-10 14:54:00,442 - INFO - 请求页面: https://github.com/trending/swift (尝试 3/10)
2025-07-10 14:54:10,449 - WARNING - 请求超时: https://github.com/trending/swift
2025-07-10 14:54:10,449 - INFO - 等待 4.28 秒后重试
2025-07-10 14:54:14,728 - INFO - 请求页面: https://github.com/trending/swift (尝试 4/10)
2025-07-10 14:54:24,772 - WARNING - 请求超时: https://github.com/trending/swift
2025-07-10 14:54:24,772 - INFO - 等待 8.22 秒后重试
2025-07-10 14:54:32,995 - INFO - 请求页面: https://github.com/trending/swift (尝试 5/10)
2025-07-10 14:57:33,024 - WARNING - 请求异常: https://github.com/trending/swift, 错误: HTTPSConnectionPool(host='github.com', port=443): Max retries exceeded with url: /trending/swift (Caused by NameResolutionError("<urllib3.connection.HTTPSConnection object at 0x1074cf410>: Failed to resolve 'github.com' ([Errno 8] nodename nor servname provided, or not known)"))
2025-07-10 14:57:33,024 - INFO - 等待 16.17 秒后重试
2025-07-10 14:57:49,203 - INFO - 请求页面: https://github.com/trending/swift (尝试 6/10)
2025-07-10 14:57:54,621 - INFO - 开始解析 swift 的 Trending 页面
2025-07-10 14:57:54,859 - INFO - 成功获取 21 个 Swift 的 Trending 仓库
2025-07-10 14:57:54,883 - INFO - 成功保存 21 个 swift 的仓库
2025-07-10 14:57:54,884 - INFO - 等待 5.16 秒后继续下一种语言
2025-07-10 14:58:00,049 - INFO - 开始爬取 kotlin 的 Trending 仓库
2025-07-10 14:58:00,050 - INFO - 请求页面: https://github.com/trending/kotlin (尝试 1/10)
2025-07-10 14:58:03,791 - INFO - 开始解析 kotlin 的 Trending 页面
2025-07-10 14:58:04,040 - INFO - 成功获取 19 个 Kotlin 的 Trending 仓库
2025-07-10 14:58:04,051 - INFO - 成功保存 19 个 kotlin 的仓库
2025-07-10 14:58:04,051 - INFO - 等待 5.55 秒后继续下一种语言
2025-07-10 14:58:09,603 - INFO - 开始爬取 dart 的 Trending 仓库
2025-07-10 14:58:09,603 - INFO - 请求页面: https://github.com/trending/dart (尝试 1/10)
2025-07-10 14:58:19,746 - INFO - 开始解析 dart 的 Trending 页面
2025-07-10 14:58:19,966 - INFO - 成功获取 22 个 Dart 的 Trending 仓库
2025-07-10 14:58:19,972 - INFO - 成功保存 22 个 dart 的仓库
2025-07-10 14:58:19,973 - INFO - 等待 6.29 秒后继续下一种语言
2025-07-10 14:58:26,267 - INFO - 开始爬取 html 的 Trending 仓库
2025-07-10 14:58:26,268 - INFO - 请求页面: https://github.com/trending/html (尝试 1/10)
2025-07-10 14:58:29,551 - INFO - 开始解析 html 的 Trending 页面
2025-07-10 14:58:29,812 - INFO - 成功获取 15 个 HTML 的 Trending 仓库
2025-07-10 14:58:29,817 - INFO - 成功保存 15 个 html 的仓库
2025-07-10 14:58:29,817 - INFO - 等待 3.35 秒后继续下一种语言
2025-07-10 14:58:33,166 - INFO - 开始爬取 css 的 Trending 仓库
2025-07-10 14:58:33,166 - INFO - 请求页面: https://github.com/trending/css (尝试 1/10)
2025-07-10 14:58:39,656 - INFO - 开始解析 css 的 Trending 页面
2025-07-10 14:58:39,955 - INFO - 成功获取 14 个 CSS 的 Trending 仓库
2025-07-10 14:58:39,973 - INFO - 成功保存 14 个 css 的仓库
2025-07-10 14:58:39,973 - INFO - 等待 3.96 秒后继续下一种语言
2025-07-10 14:58:43,940 - INFO - 开始爬取 shell 的 Trending 仓库
2025-07-10 14:58:43,940 - INFO - 请求页面: https://github.com/trending/shell (尝试 1/10)
2025-07-10 14:58:53,946 - WARNING - 请求超时: https://github.com/trending/shell
2025-07-10 14:58:53,947 - INFO - 等待 1.78 秒后重试
2025-07-10 14:58:55,730 - INFO - 请求页面: https://github.com/trending/shell (尝试 2/10)
2025-07-10 14:58:58,373 - INFO - 开始解析 shell 的 Trending 页面
2025-07-10 14:58:58,562 - INFO - 成功获取 14 个 Shell 的 Trending 仓库
2025-07-10 14:58:58,567 - INFO - 成功保存 14 个 shell 的仓库
2025-07-10 14:58:58,568 - INFO - 等待 4.71 秒后继续下一种语言
2025-07-10 14:59:03,283 - INFO - 开始爬取 objective-cscala 的 Trending 仓库
2025-07-10 14:59:03,283 - INFO - 请求页面: https://github.com/trending/objective-cscala (尝试 1/10)
2025-07-10 14:59:05,933 - INFO - 开始解析 objective-cscala 的 Trending 页面
2025-07-10 14:59:06,080 - INFO - 未找到 objective-cscala 的 Trending 仓库
2025-07-10 14:59:06,080 - WARNING - 未找到 objective-cscala 的 Trending 仓库
2025-07-10 14:59:06,080 - INFO - 等待 5.64 秒后继续下一种语言
2025-07-10 14:59:11,725 - INFO - 开始爬取 groovy 的 Trending 仓库
2025-07-10 14:59:11,725 - INFO - 请求页面: https://github.com/trending/groovy (尝试 1/10)
2025-07-10 14:59:19,075 - INFO - 开始解析 groovy 的 Trending 页面
2025-07-10 14:59:19,238 - INFO - 成功获取 5 个 Groovy 的 Trending 仓库
2025-07-10 14:59:19,242 - INFO - 成功保存 5 个 groovy 的仓库
2025-07-10 14:59:19,242 - INFO - 等待 6.34 秒后继续下一种语言
2025-07-10 14:59:25,584 - INFO - 开始爬取 haskell 的 Trending 仓库
2025-07-10 14:59:25,584 - INFO - 请求页面: https://github.com/trending/haskell (尝试 1/10)
2025-07-10 14:59:34,453 - INFO - 开始解析 haskell 的 Trending 页面
2025-07-10 14:59:34,714 - INFO - 成功获取 6 个 Haskell 的 Trending 仓库
2025-07-10 14:59:34,719 - INFO - 成功保存 6 个 haskell 的仓库
2025-07-10 14:59:34,720 - INFO - 等待 3.23 秒后继续下一种语言
2025-07-10 14:59:37,955 - INFO - 开始爬取 perl 的 Trending 仓库
2025-07-10 14:59:37,955 - INFO - 请求页面: https://github.com/trending/perl (尝试 1/10)
2025-07-10 14:59:41,770 - INFO - 开始解析 perl 的 Trending 页面
2025-07-10 14:59:41,987 - INFO - 成功获取 23 个 Perl 的 Trending 仓库
2025-07-10 14:59:41,992 - INFO - 成功保存 23 个 perl 的仓库
2025-07-10 14:59:41,992 - INFO - 等待 6.38 秒后继续下一种语言
2025-07-10 14:59:48,375 - INFO - 总共成功保存 350 个仓库到数据库
2025-07-10 14:59:48,376 - INFO - 已清除状态文件
2025-07-10 14:59:48,376 - INFO - ===== GitHub Trending 爬虫执行完成 =====
2025-07-11 14:40:26,711 - INFO - ===== 开始执行 GitHub Trending 爬虫 =====
2025-07-11 14:40:26,724 - INFO - 开始爬取 所有语言 的 Trending 仓库
2025-07-11 14:40:26,724 - INFO - 请求页面: https://github.com/trending (尝试 1/10)
2025-07-11 14:40:36,757 - WARNING - 请求超时: https://github.com/trending
2025-07-11 14:40:36,758 - INFO - 等待 1.43 秒后重试
2025-07-11 14:40:38,189 - INFO - 请求页面: https://github.com/trending (尝试 2/10)
2025-07-11 14:40:48,195 - WARNING - 请求超时: https://github.com/trending
2025-07-11 14:40:48,195 - INFO - 等待 2.56 秒后重试
2025-07-11 14:40:50,757 - INFO - 请求页面: https://github.com/trending (尝试 3/10)
2025-07-11 14:41:00,771 - WARNING - 请求超时: https://github.com/trending
2025-07-11 14:41:00,772 - INFO - 等待 4.87 秒后重试
2025-07-11 14:41:05,649 - INFO - 请求页面: https://github.com/trending (尝试 4/10)
2025-07-11 14:41:15,654 - WARNING - 请求超时: https://github.com/trending
2025-07-11 14:41:15,654 - INFO - 等待 8.97 秒后重试
2025-07-11 14:41:24,633 - INFO - 请求页面: https://github.com/trending (尝试 5/10)
2025-07-11 14:41:34,638 - WARNING - 请求超时: https://github.com/trending
2025-07-11 14:41:34,638 - INFO - 等待 16.90 秒后重试
2025-07-11 14:41:51,540 - INFO - 请求页面: https://github.com/trending (尝试 6/10)
2025-07-11 14:42:01,560 - WARNING - 请求超时: https://github.com/trending
2025-07-11 14:42:01,560 - INFO - 等待 32.60 秒后重试
2025-07-11 14:42:34,165 - INFO - 请求页面: https://github.com/trending (尝试 7/10)
2025-07-11 14:42:44,170 - WARNING - 请求超时: https://github.com/trending
2025-07-11 14:42:44,170 - INFO - 等待 64.49 秒后重试
2025-07-11 14:43:48,665 - INFO - 请求页面: https://github.com/trending (尝试 8/10)
2025-07-11 14:43:58,680 - WARNING - 请求超时: https://github.com/trending
2025-07-11 14:43:58,680 - INFO - 等待 128.59 秒后重试
2025-07-11 14:46:07,273 - INFO - 请求页面: https://github.com/trending (尝试 9/10)
2025-07-11 14:46:17,858 - WARNING - 请求超时: https://github.com/trending
2025-07-11 14:46:17,858 - INFO - 等待 256.68 秒后重试
2025-07-11 14:50:34,546 - INFO - 请求页面: https://github.com/trending (尝试 10/10)
2025-07-11 14:50:44,567 - WARNING - 请求超时: https://github.com/trending
2025-07-11 14:50:44,567 - INFO - 等待 512.36 秒后重试
2025-07-11 14:59:16,931 - ERROR - 请求失败: https://github.com/trending, 达到最大重试次数
2025-07-11 14:59:16,933 - WARNING - 未找到 所有语言 的 Trending 仓库
2025-07-11 14:59:16,934 - INFO - 等待 5.99 秒后继续下一种语言
2025-07-11 14:59:22,928 - INFO - 开始爬取 python 的 Trending 仓库
2025-07-11 14:59:22,928 - INFO - 请求页面: https://github.com/trending/python (尝试 1/10)
2025-07-11 14:59:24,666 - INFO - 开始解析 python 的 Trending 页面
2025-07-11 14:59:24,913 - INFO - 成功获取 16 个 Python 的 Trending 仓库
2025-07-11 14:59:24,933 - INFO - 成功保存 16 个 python 的仓库
2025-07-11 14:59:24,933 - INFO - 等待 4.44 秒后继续下一种语言
2025-07-11 14:59:29,376 - INFO - 开始爬取 javascript 的 Trending 仓库
2025-07-11 14:59:29,376 - INFO - 请求页面: https://github.com/trending/javascript (尝试 1/10)
2025-07-11 14:59:32,096 - INFO - 开始解析 javascript 的 Trending 页面
2025-07-11 14:59:32,305 - INFO - 成功获取 14 个 JavaScript 的 Trending 仓库
2025-07-11 14:59:32,310 - INFO - 成功保存 14 个 javascript 的仓库
2025-07-11 14:59:32,310 - INFO - 等待 6.45 秒后继续下一种语言
2025-07-11 14:59:38,764 - INFO - 开始爬取 java 的 Trending 仓库
2025-07-11 14:59:38,764 - INFO - 请求页面: https://github.com/trending/java (尝试 1/10)
2025-07-11 14:59:40,420 - INFO - 开始解析 java 的 Trending 页面
2025-07-11 14:59:40,627 - INFO - 成功获取 22 个 Java 的 Trending 仓库
2025-07-11 14:59:40,633 - INFO - 成功保存 22 个 java 的仓库
2025-07-11 14:59:40,633 - INFO - 等待 3.61 秒后继续下一种语言
2025-07-11 14:59:44,252 - INFO - 开始爬取 typescript 的 Trending 仓库
2025-07-11 14:59:44,252 - INFO - 请求页面: https://github.com/trending/typescript (尝试 1/10)
2025-07-11 14:59:46,735 - INFO - 开始解析 typescript 的 Trending 页面
2025-07-11 14:59:46,915 - INFO - 成功获取 14 个 TypeScript 的 Trending 仓库
2025-07-11 14:59:46,919 - INFO - 成功保存 14 个 typescript 的仓库
2025-07-11 14:59:46,919 - INFO - 等待 3.51 秒后继续下一种语言
2025-07-11 14:59:50,440 - INFO - 开始爬取 c++ 的 Trending 仓库
2025-07-11 14:59:50,440 - INFO - 请求页面: https://github.com/trending/c++ (尝试 1/10)
2025-07-11 14:59:52,841 - INFO - 开始解析 c++ 的 Trending 页面
2025-07-11 14:59:53,102 - INFO - 成功获取 22 个 C++ 的 Trending 仓库
2025-07-11 14:59:53,109 - INFO - 成功保存 22 个 c++ 的仓库
2025-07-11 14:59:53,109 - INFO - 等待 5.93 秒后继续下一种语言
2025-07-11 14:59:59,047 - INFO - 开始爬取 c# 的 Trending 仓库
2025-07-11 14:59:59,047 - INFO - 请求页面: https://github.com/trending/c# (尝试 1/10)
2025-07-11 15:00:01,333 - INFO - 开始解析 c# 的 Trending 页面
2025-07-11 15:00:01,538 - INFO - 成功获取 23 个 C 的 Trending 仓库
2025-07-11 15:00:01,544 - INFO - 成功保存 23 个 c# 的仓库
2025-07-11 15:00:01,545 - INFO - 等待 5.09 秒后继续下一种语言
2025-07-11 15:00:06,641 - INFO - 开始爬取 go 的 Trending 仓库
2025-07-11 15:00:06,641 - INFO - 请求页面: https://github.com/trending/go (尝试 1/10)
2025-07-11 15:00:08,655 - INFO - 开始解析 go 的 Trending 页面
2025-07-11 15:00:08,893 - INFO - 成功获取 23 个 Go 的 Trending 仓库
2025-07-11 15:00:08,897 - INFO - 成功保存 23 个 go 的仓库
2025-07-11 15:00:08,897 - INFO - 等待 3.81 秒后继续下一种语言
2025-07-11 15:00:12,713 - INFO - 开始爬取 rust 的 Trending 仓库
2025-07-11 15:00:12,713 - INFO - 请求页面: https://github.com/trending/rust (尝试 1/10)
2025-07-11 15:00:14,881 - INFO - 开始解析 rust 的 Trending 页面
2025-07-11 15:00:15,127 - INFO - 成功获取 23 个 Rust 的 Trending 仓库
2025-07-11 15:00:15,133 - INFO - 成功保存 23 个 rust 的仓库
2025-07-11 15:00:15,134 - INFO - 等待 3.56 秒后继续下一种语言
2025-07-11 15:00:18,696 - INFO - 开始爬取 php 的 Trending 仓库
2025-07-11 15:00:18,696 - INFO - 请求页面: https://github.com/trending/php (尝试 1/10)
2025-07-11 15:00:22,694 - INFO - 开始解析 php 的 Trending 页面
2025-07-11 15:00:22,973 - INFO - 成功获取 21 个 PHP 的 Trending 仓库
2025-07-11 15:00:22,978 - INFO - 成功保存 21 个 php 的仓库
2025-07-11 15:00:22,978 - INFO - 等待 6.69 秒后继续下一种语言
2025-07-11 15:00:29,675 - INFO - 开始爬取 ruby 的 Trending 仓库
2025-07-11 15:00:29,675 - INFO - 请求页面: https://github.com/trending/ruby (尝试 1/10)
2025-07-11 15:00:31,595 - INFO - 开始解析 ruby 的 Trending 页面
2025-07-11 15:00:31,799 - INFO - 成功获取 22 个 Ruby 的 Trending 仓库
2025-07-11 15:00:31,804 - INFO - 成功保存 22 个 ruby 的仓库
2025-07-11 15:00:31,804 - INFO - 等待 6.30 秒后继续下一种语言
2025-07-11 15:00:38,113 - INFO - 开始爬取 swift 的 Trending 仓库
2025-07-11 15:00:38,113 - INFO - 请求页面: https://github.com/trending/swift (尝试 1/10)
2025-07-11 15:00:40,516 - INFO - 开始解析 swift 的 Trending 页面
2025-07-11 15:00:40,721 - INFO - 成功获取 23 个 Swift 的 Trending 仓库
2025-07-11 15:00:40,726 - INFO - 成功保存 23 个 swift 的仓库
2025-07-11 15:00:40,726 - INFO - 等待 3.26 秒后继续下一种语言
2025-07-11 15:00:44,003 - INFO - 开始爬取 kotlin 的 Trending 仓库
2025-07-11 15:00:44,003 - INFO - 请求页面: https://github.com/trending/kotlin (尝试 1/10)
2025-07-11 15:00:45,925 - INFO - 开始解析 kotlin 的 Trending 页面
2025-07-11 15:00:46,164 - INFO - 成功获取 15 个 Kotlin 的 Trending 仓库
2025-07-11 15:00:46,172 - INFO - 成功保存 15 个 kotlin 的仓库
2025-07-11 15:00:46,173 - INFO - 等待 6.90 秒后继续下一种语言
2025-07-11 15:00:53,078 - INFO - 开始爬取 dart 的 Trending 仓库
2025-07-11 15:00:53,079 - INFO - 请求页面: https://github.com/trending/dart (尝试 1/10)
2025-07-11 15:00:55,740 - INFO - 开始解析 dart 的 Trending 页面
2025-07-11 15:00:56,000 - INFO - 成功获取 19 个 Dart 的 Trending 仓库
2025-07-11 15:00:56,006 - INFO - 成功保存 19 个 dart 的仓库
2025-07-11 15:00:56,006 - INFO - 等待 6.45 秒后继续下一种语言
2025-07-11 15:01:02,469 - INFO - 开始爬取 html 的 Trending 仓库
2025-07-11 15:01:02,469 - INFO - 请求页面: https://github.com/trending/html (尝试 1/10)
2025-07-11 15:01:04,085 - INFO - 开始解析 html 的 Trending 页面
2025-07-11 15:01:04,260 - INFO - 成功获取 12 个 HTML 的 Trending 仓库
2025-07-11 15:01:04,264 - INFO - 成功保存 12 个 html 的仓库
2025-07-11 15:01:04,264 - INFO - 等待 6.76 秒后继续下一种语言
2025-07-11 15:01:11,034 - INFO - 开始爬取 css 的 Trending 仓库
2025-07-11 15:01:11,034 - INFO - 请求页面: https://github.com/trending/css (尝试 1/10)
2025-07-11 15:01:12,890 - INFO - 开始解析 css 的 Trending 页面
2025-07-11 15:01:13,071 - INFO - 成功获取 12 个 CSS 的 Trending 仓库
2025-07-11 15:01:13,076 - INFO - 成功保存 12 个 css 的仓库
2025-07-11 15:01:13,076 - INFO - 等待 3.36 秒后继续下一种语言
2025-07-11 15:01:16,447 - INFO - 开始爬取 shell 的 Trending 仓库
2025-07-11 15:01:16,448 - INFO - 请求页面: https://github.com/trending/shell (尝试 1/10)
2025-07-11 15:01:18,380 - INFO - 开始解析 shell 的 Trending 页面
2025-07-11 15:01:18,636 - INFO - 成功获取 14 个 Shell 的 Trending 仓库
2025-07-11 15:01:18,640 - INFO - 成功保存 14 个 shell 的仓库
2025-07-11 15:01:18,640 - INFO - 等待 6.78 秒后继续下一种语言
2025-07-11 15:01:25,435 - INFO - 开始爬取 objective-cscala 的 Trending 仓库
2025-07-11 15:01:25,435 - INFO - 请求页面: https://github.com/trending/objective-cscala (尝试 1/10)
2025-07-11 15:01:26,886 - INFO - 开始解析 objective-cscala 的 Trending 页面
2025-07-11 15:01:27,040 - INFO - 未找到 objective-cscala 的 Trending 仓库
2025-07-11 15:01:27,040 - WARNING - 未找到 objective-cscala 的 Trending 仓库
2025-07-11 15:01:27,040 - INFO - 等待 3.76 秒后继续下一种语言
2025-07-11 15:01:30,805 - INFO - 开始爬取 groovy 的 Trending 仓库
2025-07-11 15:01:30,805 - INFO - 请求页面: https://github.com/trending/groovy (尝试 1/10)
2025-07-11 15:01:32,547 - INFO - 开始解析 groovy 的 Trending 页面
2025-07-11 15:01:32,708 - INFO - 成功获取 6 个 Groovy 的 Trending 仓库
2025-07-11 15:01:32,713 - INFO - 成功保存 6 个 groovy 的仓库
2025-07-11 15:01:32,713 - INFO - 等待 4.07 秒后继续下一种语言
2025-07-11 15:01:36,794 - INFO - 开始爬取 haskell 的 Trending 仓库
2025-07-11 15:01:36,794 - INFO - 请求页面: https://github.com/trending/haskell (尝试 1/10)
2025-07-11 15:01:38,238 - INFO - 开始解析 haskell 的 Trending 页面
2025-07-11 15:01:38,408 - INFO - 成功获取 7 个 Haskell 的 Trending 仓库
2025-07-11 15:01:38,411 - INFO - 成功保存 7 个 haskell 的仓库
2025-07-11 15:01:38,412 - INFO - 等待 5.66 秒后继续下一种语言
2025-07-11 15:01:44,076 - INFO - 开始爬取 perl 的 Trending 仓库
2025-07-11 15:01:44,076 - INFO - 请求页面: https://github.com/trending/perl (尝试 1/10)
2025-07-11 15:01:45,638 - INFO - 开始解析 perl 的 Trending 页面
2025-07-11 15:01:45,820 - INFO - 成功获取 12 个 Perl 的 Trending 仓库
2025-07-11 15:01:45,823 - INFO - 成功保存 12 个 perl 的仓库
2025-07-11 15:01:45,823 - INFO - 等待 5.93 秒后继续下一种语言
2025-07-11 15:01:51,770 - INFO - 总共成功保存 320 个仓库到数据库
2025-07-11 15:01:51,771 - INFO - 已清除状态文件
2025-07-11 15:01:51,771 - INFO - ===== GitHub Trending 爬虫执行完成 =====
2025-07-11 15:19:37,369 - INFO - ===== 开始执行 GitHub Trending 爬虫 =====
2025-07-11 15:19:37,386 - INFO - 开始爬取 所有语言 的 Trending 仓库
2025-07-11 15:19:37,386 - INFO - 请求页面: https://github.com/trending (尝试 1/10)
2025-07-11 15:19:41,423 - INFO - 开始解析 所有语言 的 Trending 页面
2025-07-11 15:19:41,963 - INFO - 成功获取 16 个 Dart 的 Trending 仓库
2025-07-11 15:19:41,983 - INFO - 成功保存 16 个 所有语言 的仓库
2025-07-11 15:19:41,984 - INFO - 等待 4.47 秒后继续下一种语言
2025-07-11 15:19:46,459 - INFO - 开始爬取 python 的 Trending 仓库
2025-07-11 15:19:46,459 - INFO - 请求页面: https://github.com/trending/python (尝试 1/10)
2025-07-11 15:19:48,007 - INFO - 开始解析 python 的 Trending 页面
2025-07-11 15:19:48,253 - INFO - 成功获取 16 个 Python 的 Trending 仓库
2025-07-11 15:19:48,256 - INFO - 成功保存 16 个 python 的仓库
2025-07-11 15:19:48,257 - INFO - 等待 6.17 秒后继续下一种语言
2025-07-11 15:19:54,427 - INFO - 开始爬取 javascript 的 Trending 仓库
2025-07-11 15:19:54,427 - INFO - 请求页面: https://github.com/trending/javascript (尝试 1/10)
2025-07-11 15:19:56,656 - INFO - 开始解析 javascript 的 Trending 页面
2025-07-11 15:19:56,850 - INFO - 成功获取 14 个 JavaScript 的 Trending 仓库
2025-07-11 15:19:56,856 - INFO - 成功保存 14 个 javascript 的仓库
2025-07-11 15:19:56,857 - INFO - 等待 3.53 秒后继续下一种语言
2025-07-11 15:20:00,388 - INFO - 开始爬取 java 的 Trending 仓库
2025-07-11 15:20:00,388 - INFO - 请求页面: https://github.com/trending/java (尝试 1/10)
2025-07-11 15:20:02,548 - INFO - 开始解析 java 的 Trending 页面
2025-07-11 15:20:02,775 - INFO - 成功获取 22 个 Java 的 Trending 仓库
2025-07-11 15:20:02,779 - INFO - 成功保存 22 个 java 的仓库
2025-07-11 15:20:02,779 - INFO - 等待 6.21 秒后继续下一种语言
2025-07-11 15:20:08,993 - INFO - 开始爬取 typescript 的 Trending 仓库
2025-07-11 15:20:08,994 - INFO - 请求页面: https://github.com/trending/typescript (尝试 1/10)
2025-07-11 15:20:11,068 - INFO - 开始解析 typescript 的 Trending 页面
2025-07-11 15:20:11,265 - INFO - 成功获取 14 个 TypeScript 的 Trending 仓库
2025-07-11 15:20:11,270 - INFO - 成功保存 14 个 typescript 的仓库
2025-07-11 15:20:11,270 - INFO - 等待 6.98 秒后继续下一种语言
2025-07-11 15:20:18,254 - INFO - 开始爬取 c++ 的 Trending 仓库
2025-07-11 15:20:18,254 - INFO - 请求页面: https://github.com/trending/c++ (尝试 1/10)
2025-07-11 15:20:20,751 - INFO - 开始解析 c++ 的 Trending 页面
2025-07-11 15:20:21,089 - INFO - 成功获取 22 个 C++ 的 Trending 仓库
2025-07-11 15:20:21,094 - INFO - 成功保存 22 个 c++ 的仓库
2025-07-11 15:20:21,094 - INFO - 等待 6.38 秒后继续下一种语言
2025-07-11 15:20:27,480 - INFO - 开始爬取 c# 的 Trending 仓库
2025-07-11 15:20:27,481 - INFO - 请求页面: https://github.com/trending/c# (尝试 1/10)
2025-07-11 15:20:30,031 - INFO - 开始解析 c# 的 Trending 页面
2025-07-11 15:20:30,261 - INFO - 成功获取 23 个 C 的 Trending 仓库
2025-07-11 15:20:30,265 - INFO - 成功保存 23 个 c# 的仓库
2025-07-11 15:20:30,266 - INFO - 等待 6.03 秒后继续下一种语言
2025-07-11 15:20:36,296 - INFO - 开始爬取 go 的 Trending 仓库
2025-07-11 15:20:36,297 - INFO - 请求页面: https://github.com/trending/go (尝试 1/10)
2025-07-11 15:20:38,642 - INFO - 开始解析 go 的 Trending 页面
2025-07-11 15:20:38,858 - INFO - 成功获取 23 个 Go 的 Trending 仓库
2025-07-11 15:20:38,863 - INFO - 成功保存 23 个 go 的仓库
2025-07-11 15:20:38,863 - INFO - 等待 4.86 秒后继续下一种语言
2025-07-11 15:20:43,726 - INFO - 开始爬取 rust 的 Trending 仓库
2025-07-11 15:20:43,726 - INFO - 请求页面: https://github.com/trending/rust (尝试 1/10)
2025-07-11 15:20:45,607 - INFO - 开始解析 rust 的 Trending 页面
2025-07-11 15:20:45,919 - INFO - 成功获取 23 个 Rust 的 Trending 仓库
2025-07-11 15:20:45,924 - INFO - 成功保存 23 个 rust 的仓库
2025-07-11 15:20:45,925 - INFO - 等待 6.92 秒后继续下一种语言
2025-07-11 15:20:52,842 - INFO - 开始爬取 php 的 Trending 仓库
2025-07-11 15:20:52,842 - INFO - 请求页面: https://github.com/trending/php (尝试 1/10)
2025-07-11 15:20:54,645 - INFO - 开始解析 php 的 Trending 页面
2025-07-11 15:20:54,853 - INFO - 成功获取 21 个 PHP 的 Trending 仓库
2025-07-11 15:20:54,857 - INFO - 成功保存 21 个 php 的仓库
2025-07-11 15:20:54,857 - INFO - 等待 5.72 秒后继续下一种语言
2025-07-11 15:21:00,576 - INFO - 开始爬取 ruby 的 Trending 仓库
2025-07-11 15:21:00,576 - INFO - 请求页面: https://github.com/trending/ruby (尝试 1/10)
2025-07-11 15:21:02,472 - INFO - 开始解析 ruby 的 Trending 页面
2025-07-11 15:21:02,689 - INFO - 成功获取 22 个 Ruby 的 Trending 仓库
2025-07-11 15:21:02,693 - INFO - 成功保存 22 个 ruby 的仓库
2025-07-11 15:21:02,694 - INFO - 等待 3.47 秒后继续下一种语言
2025-07-11 15:21:06,163 - INFO - 开始爬取 swift 的 Trending 仓库
2025-07-11 15:21:06,163 - INFO - 请求页面: https://github.com/trending/swift (尝试 1/10)
2025-07-11 15:21:08,281 - INFO - 开始解析 swift 的 Trending 页面
2025-07-11 15:21:08,501 - INFO - 成功获取 23 个 Swift 的 Trending 仓库
2025-07-11 15:21:08,506 - INFO - 成功保存 23 个 swift 的仓库
2025-07-11 15:21:08,506 - INFO - 等待 4.08 秒后继续下一种语言
2025-07-11 15:21:12,587 - INFO - 开始爬取 kotlin 的 Trending 仓库
2025-07-11 15:21:12,587 - INFO - 请求页面: https://github.com/trending/kotlin (尝试 1/10)
2025-07-11 15:21:14,347 - INFO - 开始解析 kotlin 的 Trending 页面
2025-07-11 15:21:14,651 - INFO - 成功获取 15 个 Kotlin 的 Trending 仓库
2025-07-11 15:21:14,656 - INFO - 成功保存 15 个 kotlin 的仓库
2025-07-11 15:21:14,656 - INFO - 等待 3.20 秒后继续下一种语言
2025-07-11 15:21:17,862 - INFO - 开始爬取 dart 的 Trending 仓库
2025-07-11 15:21:17,862 - INFO - 请求页面: https://github.com/trending/dart (尝试 1/10)
2025-07-11 15:21:19,526 - INFO - 开始解析 dart 的 Trending 页面
2025-07-11 15:21:19,737 - INFO - 成功获取 19 个 Dart 的 Trending 仓库
2025-07-11 15:21:19,741 - INFO - 成功保存 19 个 dart 的仓库
2025-07-11 15:21:19,741 - INFO - 等待 5.59 秒后继续下一种语言
2025-07-11 15:21:25,335 - INFO - 开始爬取 html 的 Trending 仓库
2025-07-11 15:21:25,335 - INFO - 请求页面: https://github.com/trending/html (尝试 1/10)
2025-07-11 15:21:26,984 - INFO - 开始解析 html 的 Trending 页面
2025-07-11 15:21:27,166 - INFO - 成功获取 12 个 HTML 的 Trending 仓库
2025-07-11 15:21:27,170 - INFO - 成功保存 12 个 html 的仓库
2025-07-11 15:21:27,170 - INFO - 等待 6.96 秒后继续下一种语言
2025-07-11 15:21:34,132 - INFO - 开始爬取 css 的 Trending 仓库
2025-07-11 15:21:34,133 - INFO - 请求页面: https://github.com/trending/css (尝试 1/10)
2025-07-11 15:21:35,845 - INFO - 开始解析 css 的 Trending 页面
2025-07-11 15:21:36,155 - INFO - 成功获取 12 个 CSS 的 Trending 仓库
2025-07-11 15:21:36,160 - INFO - 成功保存 12 个 css 的仓库
2025-07-11 15:21:36,160 - INFO - 等待 4.65 秒后继续下一种语言
2025-07-11 15:21:40,815 - INFO - 开始爬取 shell 的 Trending 仓库
2025-07-11 15:21:40,816 - INFO - 请求页面: https://github.com/trending/shell (尝试 1/10)
2025-07-11 15:21:42,514 - INFO - 开始解析 shell 的 Trending 页面
2025-07-11 15:21:42,741 - INFO - 成功获取 14 个 Shell 的 Trending 仓库
2025-07-11 15:21:42,745 - INFO - 成功保存 14 个 shell 的仓库
2025-07-11 15:21:42,745 - INFO - 等待 5.13 秒后继续下一种语言
2025-07-11 15:21:47,883 - INFO - 开始爬取 objective-cscala 的 Trending 仓库
2025-07-11 15:21:47,883 - INFO - 请求页面: https://github.com/trending/objective-cscala (尝试 1/10)
2025-07-11 15:21:49,046 - INFO - 开始解析 objective-cscala 的 Trending 页面
2025-07-11 15:21:49,190 - INFO - 未找到 objective-cscala 的 Trending 仓库
2025-07-11 15:21:49,190 - WARNING - 未找到 objective-cscala 的 Trending 仓库
2025-07-11 15:21:49,190 - INFO - 等待 4.40 秒后继续下一种语言
2025-07-11 15:21:53,598 - INFO - 开始爬取 groovy 的 Trending 仓库
2025-07-11 15:21:53,598 - INFO - 请求页面: https://github.com/trending/groovy (尝试 1/10)
2025-07-11 15:21:55,631 - INFO - 开始解析 groovy 的 Trending 页面
2025-07-11 15:21:55,981 - INFO - 成功获取 6 个 Groovy 的 Trending 仓库
2025-07-11 15:21:55,985 - INFO - 成功保存 6 个 groovy 的仓库
2025-07-11 15:21:55,985 - INFO - 等待 6.69 秒后继续下一种语言
2025-07-11 15:22:02,677 - INFO - 开始爬取 haskell 的 Trending 仓库
2025-07-11 15:22:02,677 - INFO - 请求页面: https://github.com/trending/haskell (尝试 1/10)
2025-07-11 15:22:05,538 - INFO - 开始解析 haskell 的 Trending 页面
2025-07-11 15:22:05,775 - INFO - 成功获取 7 个 Haskell 的 Trending 仓库
2025-07-11 15:22:05,778 - INFO - 成功保存 7 个 haskell 的仓库
2025-07-11 15:22:05,779 - INFO - 等待 5.85 秒后继续下一种语言
2025-07-11 15:22:11,630 - INFO - 开始爬取 perl 的 Trending 仓库
2025-07-11 15:22:11,630 - INFO - 请求页面: https://github.com/trending/perl (尝试 1/10)
2025-07-11 15:22:13,211 - INFO - 开始解析 perl 的 Trending 页面
2025-07-11 15:22:13,467 - INFO - 成功获取 12 个 Perl 的 Trending 仓库
2025-07-11 15:22:13,470 - INFO - 成功保存 12 个 perl 的仓库
2025-07-11 15:22:13,471 - INFO - 等待 6.02 秒后继续下一种语言
2025-07-11 15:22:19,488 - INFO - 总共成功保存 336 个仓库到数据库
2025-07-11 15:22:19,488 - INFO - 已清除状态文件
2025-07-11 15:22:19,488 - INFO - ===== GitHub Trending 爬虫执行完成 =====
2025-07-14 15:07:58,240 - INFO - ===== 开始执行 GitHub Trending 爬虫 =====
2025-07-14 15:07:58,256 - INFO - 开始爬取 所有语言 的 Trending 仓库
2025-07-14 15:07:58,256 - INFO - 请求页面: https://github.com/trending (尝试 1/10)
2025-07-14 15:08:09,721 - WARNING - 请求超时: https://github.com/trending
2025-07-14 15:08:09,721 - INFO - 等待 1.55 秒后重试
2025-07-14 15:08:11,280 - INFO - 请求页面: https://github.com/trending (尝试 2/10)
2025-07-14 15:08:19,674 - INFO - 开始解析 所有语言 的 Trending 页面
2025-07-14 15:08:19,875 - INFO - 成功获取 13 个 Go 的 Trending 仓库
2025-07-14 15:08:19,896 - INFO - 成功保存 13 个 所有语言 的仓库
2025-07-14 15:08:19,896 - INFO - 等待 6.66 秒后继续下一种语言
2025-07-14 15:08:26,565 - INFO - 开始爬取 python 的 Trending 仓库
2025-07-14 15:08:26,565 - INFO - 请求页面: https://github.com/trending/python (尝试 1/10)
2025-07-14 15:08:31,731 - INFO - 开始解析 python 的 Trending 页面
2025-07-14 15:08:31,959 - INFO - 成功获取 15 个 Python 的 Trending 仓库
2025-07-14 15:08:31,963 - INFO - 成功保存 15 个 python 的仓库
2025-07-14 15:08:31,963 - INFO - 等待 4.58 秒后继续下一种语言
2025-07-14 15:08:36,548 - INFO - 开始爬取 javascript 的 Trending 仓库
2025-07-14 15:08:36,549 - INFO - 请求页面: https://github.com/trending/javascript (尝试 1/10)
2025-07-14 15:08:39,755 - INFO - 开始解析 javascript 的 Trending 页面
2025-07-14 15:08:39,977 - INFO - 成功获取 13 个 JavaScript 的 Trending 仓库
2025-07-14 15:08:39,981 - INFO - 成功保存 13 个 javascript 的仓库
2025-07-14 15:08:39,982 - INFO - 等待 4.20 秒后继续下一种语言
2025-07-14 15:08:44,181 - INFO - 开始爬取 java 的 Trending 仓库
2025-07-14 15:08:44,181 - INFO - 请求页面: https://github.com/trending/java (尝试 1/10)
2025-07-14 15:08:47,656 - INFO - 开始解析 java 的 Trending 页面
2025-07-14 15:08:47,974 - INFO - 成功获取 22 个 Java 的 Trending 仓库
2025-07-14 15:08:47,981 - INFO - 成功保存 22 个 java 的仓库
2025-07-14 15:08:47,981 - INFO - 等待 6.01 秒后继续下一种语言
2025-07-14 15:08:53,998 - INFO - 开始爬取 typescript 的 Trending 仓库
2025-07-14 15:08:53,998 - INFO - 请求页面: https://github.com/trending/typescript (尝试 1/10)
2025-07-14 15:09:03,412 - INFO - 开始解析 typescript 的 Trending 页面
2025-07-14 15:09:03,611 - INFO - 成功获取 14 个 TypeScript 的 Trending 仓库
2025-07-14 15:09:03,619 - INFO - 成功保存 14 个 typescript 的仓库
2025-07-14 15:09:03,619 - INFO - 等待 4.47 秒后继续下一种语言
2025-07-14 15:09:08,092 - INFO - 开始爬取 c++ 的 Trending 仓库
2025-07-14 15:09:08,092 - INFO - 请求页面: https://github.com/trending/c++ (尝试 1/10)
2025-07-14 15:09:18,104 - WARNING - 请求超时: https://github.com/trending/c++
2025-07-14 15:09:18,104 - INFO - 等待 1.75 秒后重试
2025-07-14 15:09:19,854 - INFO - 请求页面: https://github.com/trending/c++ (尝试 2/10)
2025-07-14 15:09:28,504 - INFO - 开始解析 c++ 的 Trending 页面
2025-07-14 15:09:28,813 - INFO - 成功获取 18 个 C++ 的 Trending 仓库
2025-07-14 15:09:28,824 - INFO - 成功保存 18 个 c++ 的仓库
2025-07-14 15:09:28,825 - INFO - 等待 4.79 秒后继续下一种语言
2025-07-14 15:09:33,615 - INFO - 开始爬取 c# 的 Trending 仓库
2025-07-14 15:09:33,615 - INFO - 请求页面: https://github.com/trending/c# (尝试 1/10)
2025-07-14 15:09:42,228 - INFO - 开始解析 c# 的 Trending 页面
2025-07-14 15:09:42,529 - INFO - 成功获取 22 个 C 的 Trending 仓库
2025-07-14 15:09:42,536 - INFO - 成功保存 22 个 c# 的仓库
2025-07-14 15:09:42,536 - INFO - 等待 3.90 秒后继续下一种语言
2025-07-14 15:09:46,444 - INFO - 开始爬取 go 的 Trending 仓库
2025-07-14 15:09:46,445 - INFO - 请求页面: https://github.com/trending/go (尝试 1/10)
2025-07-14 15:09:50,010 - INFO - 开始解析 go 的 Trending 页面
2025-07-14 15:09:50,336 - INFO - 成功获取 22 个 Go 的 Trending 仓库
2025-07-14 15:09:50,341 - INFO - 成功保存 22 个 go 的仓库
2025-07-14 15:09:50,342 - INFO - 等待 6.23 秒后继续下一种语言
2025-07-14 15:09:56,571 - INFO - 开始爬取 rust 的 Trending 仓库
2025-07-14 15:09:56,571 - INFO - 请求页面: https://github.com/trending/rust (尝试 1/10)
2025-07-14 15:10:06,578 - WARNING - 请求超时: https://github.com/trending/rust
2025-07-14 15:10:06,578 - INFO - 等待 1.32 秒后重试
2025-07-14 15:10:07,905 - INFO - 请求页面: https://github.com/trending/rust (尝试 2/10)
2025-07-14 15:10:13,560 - INFO - 开始解析 rust 的 Trending 页面
2025-07-14 15:10:13,822 - INFO - 成功获取 20 个 Rust 的 Trending 仓库
2025-07-14 15:10:13,826 - INFO - 成功保存 20 个 rust 的仓库
2025-07-14 15:10:13,827 - INFO - 等待 3.29 秒后继续下一种语言
2025-07-14 15:10:17,124 - INFO - 开始爬取 php 的 Trending 仓库
2025-07-14 15:10:17,124 - INFO - 请求页面: https://github.com/trending/php (尝试 1/10)
2025-07-14 15:10:19,371 - INFO - 开始解析 php 的 Trending 页面
2025-07-14 15:10:19,771 - INFO - 成功获取 20 个 PHP 的 Trending 仓库
2025-07-14 15:10:19,781 - INFO - 成功保存 20 个 php 的仓库
2025-07-14 15:10:19,781 - INFO - 等待 5.08 秒后继续下一种语言
2025-07-14 15:10:24,866 - INFO - 开始爬取 ruby 的 Trending 仓库
2025-07-14 15:10:24,867 - INFO - 请求页面: https://github.com/trending/ruby (尝试 1/10)
2025-07-14 15:11:00,215 - WARNING - 请求异常: https://github.com/trending/ruby, 错误: HTTPSConnectionPool(host='github.com', port=443): Read timed out.
2025-07-14 15:11:00,216 - INFO - 等待 1.30 秒后重试
2025-07-14 15:11:01,516 - INFO - 请求页面: https://github.com/trending/ruby (尝试 2/10)
2025-07-14 15:11:07,623 - INFO - 开始解析 ruby 的 Trending 页面
2025-07-14 15:11:07,866 - INFO - 成功获取 21 个 Ruby 的 Trending 仓库
2025-07-14 15:11:07,870 - INFO - 成功保存 21 个 ruby 的仓库
2025-07-14 15:11:07,870 - INFO - 等待 4.31 秒后继续下一种语言
2025-07-14 15:11:12,183 - INFO - 开始爬取 swift 的 Trending 仓库
2025-07-14 15:11:12,183 - INFO - 请求页面: https://github.com/trending/swift (尝试 1/10)
2025-07-14 15:11:15,585 - INFO - 开始解析 swift 的 Trending 页面
2025-07-14 15:11:15,912 - INFO - 成功获取 18 个 Swift 的 Trending 仓库
2025-07-14 15:11:15,920 - INFO - 成功保存 18 个 swift 的仓库
2025-07-14 15:11:15,921 - INFO - 等待 6.78 秒后继续下一种语言
2025-07-14 15:11:22,707 - INFO - 开始爬取 kotlin 的 Trending 仓库
2025-07-14 15:11:22,708 - INFO - 请求页面: https://github.com/trending/kotlin (尝试 1/10)
2025-07-14 15:11:25,996 - INFO - 开始解析 kotlin 的 Trending 页面
2025-07-14 15:11:26,291 - INFO - 成功获取 21 个 Kotlin 的 Trending 仓库
2025-07-14 15:11:26,298 - INFO - 成功保存 21 个 kotlin 的仓库
2025-07-14 15:11:26,298 - INFO - 等待 6.82 秒后继续下一种语言
2025-07-14 15:11:33,122 - INFO - 开始爬取 dart 的 Trending 仓库
2025-07-14 15:11:33,122 - INFO - 请求页面: https://github.com/trending/dart (尝试 1/10)
2025-07-14 15:11:43,136 - WARNING - 请求超时: https://github.com/trending/dart
2025-07-14 15:11:43,136 - INFO - 等待 1.02 秒后重试
2025-07-14 15:11:44,157 - INFO - 请求页面: https://github.com/trending/dart (尝试 2/10)
2025-07-14 15:11:56,541 - WARNING - 请求异常: https://github.com/trending/dart, 错误: HTTPSConnectionPool(host='github.com', port=443): Read timed out.
2025-07-14 15:11:56,542 - INFO - 等待 2.55 秒后重试
2025-07-14 15:11:59,092 - INFO - 请求页面: https://github.com/trending/dart (尝试 3/10)
2025-07-14 15:12:05,997 - INFO - 开始解析 dart 的 Trending 页面
2025-07-14 15:12:06,206 - INFO - 成功获取 18 个 Dart 的 Trending 仓库
2025-07-14 15:12:06,222 - INFO - 成功保存 18 个 dart 的仓库
2025-07-14 15:12:06,223 - INFO - 等待 6.55 秒后继续下一种语言
2025-07-14 15:12:12,777 - INFO - 开始爬取 html 的 Trending 仓库
2025-07-14 15:12:12,778 - INFO - 请求页面: https://github.com/trending/html (尝试 1/10)
2025-07-14 15:12:18,626 - INFO - 开始解析 html 的 Trending 页面
2025-07-14 15:12:18,846 - INFO - 成功获取 11 个 HTML 的 Trending 仓库
2025-07-14 15:12:18,853 - INFO - 成功保存 11 个 html 的仓库
2025-07-14 15:12:18,854 - INFO - 等待 3.62 秒后继续下一种语言
2025-07-14 15:12:22,475 - INFO - 开始爬取 css 的 Trending 仓库
2025-07-14 15:12:22,475 - INFO - 请求页面: https://github.com/trending/css (尝试 1/10)
2025-07-14 15:12:28,883 - INFO - 开始解析 css 的 Trending 页面
2025-07-14 15:12:29,131 - INFO - 成功获取 12 个 CSS 的 Trending 仓库
2025-07-14 15:12:29,136 - INFO - 成功保存 12 个 css 的仓库
2025-07-14 15:12:29,136 - INFO - 等待 3.98 秒后继续下一种语言
2025-07-14 15:12:33,121 - INFO - 开始爬取 shell 的 Trending 仓库
2025-07-14 15:12:33,121 - INFO - 请求页面: https://github.com/trending/shell (尝试 1/10)
2025-07-14 15:12:36,217 - INFO - 开始解析 shell 的 Trending 页面
2025-07-14 15:12:36,424 - INFO - 成功获取 10 个 Shell 的 Trending 仓库
2025-07-14 15:12:36,427 - INFO - 成功保存 10 个 shell 的仓库
2025-07-14 15:12:36,427 - INFO - 等待 6.45 秒后继续下一种语言
2025-07-14 15:12:42,877 - INFO - 开始爬取 objective-cscala 的 Trending 仓库
2025-07-14 15:12:42,877 - INFO - 请求页面: https://github.com/trending/objective-cscala (尝试 1/10)
2025-07-14 15:12:44,807 - INFO - 开始解析 objective-cscala 的 Trending 页面
2025-07-14 15:12:44,965 - INFO - 未找到 objective-cscala 的 Trending 仓库
2025-07-14 15:12:44,965 - WARNING - 未找到 objective-cscala 的 Trending 仓库
2025-07-14 15:12:44,966 - INFO - 等待 5.29 秒后继续下一种语言
2025-07-14 15:12:50,252 - INFO - 开始爬取 groovy 的 Trending 仓库
2025-07-14 15:12:50,253 - INFO - 请求页面: https://github.com/trending/groovy (尝试 1/10)
2025-07-14 15:12:59,611 - INFO - 开始解析 groovy 的 Trending 页面
2025-07-14 15:12:59,789 - INFO - 成功获取 5 个 Groovy 的 Trending 仓库
2025-07-14 15:12:59,792 - INFO - 成功保存 5 个 groovy 的仓库
2025-07-14 15:12:59,792 - INFO - 等待 3.82 秒后继续下一种语言
2025-07-14 15:13:03,609 - INFO - 开始爬取 haskell 的 Trending 仓库
2025-07-14 15:13:03,609 - INFO - 请求页面: https://github.com/trending/haskell (尝试 1/10)
2025-07-14 15:13:07,060 - INFO - 开始解析 haskell 的 Trending 页面
2025-07-14 15:13:07,238 - INFO - 成功获取 6 个 Haskell 的 Trending 仓库
2025-07-14 15:13:07,241 - INFO - 成功保存 6 个 haskell 的仓库
2025-07-14 15:13:07,241 - INFO - 等待 3.59 秒后继续下一种语言
2025-07-14 15:13:10,830 - INFO - 开始爬取 perl 的 Trending 仓库
2025-07-14 15:13:10,830 - INFO - 请求页面: https://github.com/trending/perl (尝试 1/10)
2025-07-14 15:13:12,829 - INFO - 开始解析 perl 的 Trending 页面
2025-07-14 15:13:13,110 - INFO - 成功获取 10 个 Perl 的 Trending 仓库
2025-07-14 15:13:13,114 - INFO - 成功保存 10 个 perl 的仓库
2025-07-14 15:13:13,114 - INFO - 等待 3.45 秒后继续下一种语言
2025-07-14 15:13:16,572 - INFO - 总共成功保存 311 个仓库到数据库
2025-07-14 15:13:16,572 - INFO - 已清除状态文件
2025-07-14 15:13:16,573 - INFO - ===== GitHub Trending 爬虫执行完成 =====
2025-07-15 11:11:15,408 - INFO - ===== 开始执行 GitHub Trending 爬虫 =====
2025-07-15 11:11:15,425 - INFO - 开始爬取 所有语言 的 Trending 仓库
2025-07-15 11:11:15,425 - INFO - 请求页面: https://github.com/trending (尝试 1/10)
2025-07-15 11:11:25,845 - INFO - 开始解析 所有语言 的 Trending 页面
2025-07-15 11:11:26,074 - INFO - 成功获取 15 个 Python 的 Trending 仓库
2025-07-15 11:11:26,092 - INFO - 成功保存 15 个 所有语言 的仓库
2025-07-15 11:11:26,092 - INFO - 等待 3.55 秒后继续下一种语言
2025-07-15 11:11:29,645 - INFO - 开始爬取 python 的 Trending 仓库
2025-07-15 11:11:29,645 - INFO - 请求页面: https://github.com/trending/python (尝试 1/10)
2025-07-15 11:11:32,383 - INFO - 开始解析 python 的 Trending 页面
2025-07-15 11:11:32,622 - INFO - 成功获取 17 个 Python 的 Trending 仓库
2025-07-15 11:11:32,629 - INFO - 成功保存 17 个 python 的仓库
2025-07-15 11:11:32,629 - INFO - 等待 5.02 秒后继续下一种语言
2025-07-15 11:11:37,655 - INFO - 开始爬取 javascript 的 Trending 仓库
2025-07-15 11:11:37,655 - INFO - 请求页面: https://github.com/trending/javascript (尝试 1/10)
2025-07-15 11:11:39,441 - INFO - 开始解析 javascript 的 Trending 页面
2025-07-15 11:11:39,671 - INFO - 成功获取 17 个 JavaScript 的 Trending 仓库
2025-07-15 11:11:39,676 - INFO - 成功保存 17 个 javascript 的仓库
2025-07-15 11:11:39,676 - INFO - 等待 3.36 秒后继续下一种语言
2025-07-15 11:11:43,039 - INFO - 开始爬取 java 的 Trending 仓库
2025-07-15 11:11:43,040 - INFO - 请求页面: https://github.com/trending/java (尝试 1/10)
2025-07-15 11:11:46,289 - INFO - 开始解析 java 的 Trending 页面
2025-07-15 11:11:46,531 - INFO - 成功获取 22 个 Java 的 Trending 仓库
2025-07-15 11:11:46,538 - INFO - 成功保存 22 个 java 的仓库
2025-07-15 11:11:46,538 - INFO - 等待 5.27 秒后继续下一种语言
2025-07-15 11:11:51,812 - INFO - 开始爬取 typescript 的 Trending 仓库
2025-07-15 11:11:51,812 - INFO - 请求页面: https://github.com/trending/typescript (尝试 1/10)
2025-07-15 11:11:54,395 - INFO - 开始解析 typescript 的 Trending 页面
2025-07-15 11:11:54,606 - INFO - 成功获取 14 个 TypeScript 的 Trending 仓库
2025-07-15 11:11:54,610 - INFO - 成功保存 14 个 typescript 的仓库
2025-07-15 11:11:54,611 - INFO - 等待 3.37 秒后继续下一种语言
2025-07-15 11:11:57,981 - INFO - 开始爬取 c++ 的 Trending 仓库
2025-07-15 11:11:57,981 - INFO - 请求页面: https://github.com/trending/c++ (尝试 1/10)
2025-07-15 11:12:01,225 - INFO - 开始解析 c++ 的 Trending 页面
2025-07-15 11:12:01,521 - INFO - 成功获取 22 个 C++ 的 Trending 仓库
2025-07-15 11:12:01,526 - INFO - 成功保存 22 个 c++ 的仓库
2025-07-15 11:12:01,526 - INFO - 等待 4.70 秒后继续下一种语言
2025-07-15 11:12:06,231 - INFO - 开始爬取 c# 的 Trending 仓库
2025-07-15 11:12:06,232 - INFO - 请求页面: https://github.com/trending/c# (尝试 1/10)
2025-07-15 11:12:16,010 - WARNING - 请求超时: https://github.com/trending/c#
2025-07-15 11:12:16,011 - INFO - 等待 1.61 秒后重试
2025-07-15 11:12:17,622 - INFO - 请求页面: https://github.com/trending/c# (尝试 2/10)
2025-07-15 11:12:28,733 - INFO - 开始解析 c# 的 Trending 页面
2025-07-15 11:12:29,006 - INFO - 成功获取 22 个 C 的 Trending 仓库
2025-07-15 11:12:29,016 - INFO - 成功保存 22 个 c# 的仓库
2025-07-15 11:12:29,016 - INFO - 等待 5.28 秒后继续下一种语言
2025-07-15 11:12:34,301 - INFO - 开始爬取 go 的 Trending 仓库
2025-07-15 11:12:34,301 - INFO - 请求页面: https://github.com/trending/go (尝试 1/10)
2025-07-15 11:12:38,834 - INFO - 开始解析 go 的 Trending 页面
2025-07-15 11:12:39,099 - INFO - 成功获取 21 个 Go 的 Trending 仓库
2025-07-15 11:12:39,106 - INFO - 成功保存 21 个 go 的仓库
2025-07-15 11:12:39,106 - INFO - 等待 6.83 秒后继续下一种语言
2025-07-15 11:12:45,939 - INFO - 开始爬取 rust 的 Trending 仓库
2025-07-15 11:12:45,939 - INFO - 请求页面: https://github.com/trending/rust (尝试 1/10)
2025-07-15 11:12:54,907 - INFO - 开始解析 rust 的 Trending 页面
2025-07-15 11:12:55,193 - INFO - 成功获取 21 个 Rust 的 Trending 仓库
2025-07-15 11:12:55,198 - INFO - 成功保存 21 个 rust 的仓库
2025-07-15 11:12:55,198 - INFO - 等待 4.95 秒后继续下一种语言
2025-07-15 11:13:00,157 - INFO - 开始爬取 php 的 Trending 仓库
2025-07-15 11:13:00,157 - INFO - 请求页面: https://github.com/trending/php (尝试 1/10)
2025-07-15 11:13:09,964 - INFO - 开始解析 php 的 Trending 页面
2025-07-15 11:13:10,187 - INFO - 成功获取 20 个 PHP 的 Trending 仓库
2025-07-15 11:13:10,192 - INFO - 成功保存 20 个 php 的仓库
2025-07-15 11:13:10,192 - INFO - 等待 5.79 秒后继续下一种语言
2025-07-15 11:13:15,990 - INFO - 开始爬取 ruby 的 Trending 仓库
2025-07-15 11:13:15,991 - INFO - 请求页面: https://github.com/trending/ruby (尝试 1/10)
2025-07-15 11:13:21,265 - INFO - 开始解析 ruby 的 Trending 页面
2025-07-15 11:13:21,470 - INFO - 成功获取 17 个 Ruby 的 Trending 仓库
2025-07-15 11:13:21,474 - INFO - 成功保存 17 个 ruby 的仓库
2025-07-15 11:13:21,474 - INFO - 等待 6.34 秒后继续下一种语言
2025-07-15 11:13:27,816 - INFO - 开始爬取 swift 的 Trending 仓库
2025-07-15 11:13:27,817 - INFO - 请求页面: https://github.com/trending/swift (尝试 1/10)
2025-07-15 11:13:30,707 - INFO - 开始解析 swift 的 Trending 页面
2025-07-15 11:13:30,978 - INFO - 成功获取 20 个 Swift 的 Trending 仓库
2025-07-15 11:13:30,984 - INFO - 成功保存 20 个 swift 的仓库
2025-07-15 11:13:30,984 - INFO - 等待 4.32 秒后继续下一种语言
2025-07-15 11:13:35,309 - INFO - 开始爬取 kotlin 的 Trending 仓库
2025-07-15 11:13:35,309 - INFO - 请求页面: https://github.com/trending/kotlin (尝试 1/10)
2025-07-15 11:13:45,319 - WARNING - 请求超时: https://github.com/trending/kotlin
2025-07-15 11:13:45,319 - INFO - 等待 1.96 秒后重试
2025-07-15 11:13:47,279 - INFO - 请求页面: https://github.com/trending/kotlin (尝试 2/10)
2025-07-15 11:15:26,547 - INFO - 开始解析 kotlin 的 Trending 页面
2025-07-15 11:15:26,868 - INFO - 成功获取 24 个 Kotlin 的 Trending 仓库
2025-07-15 11:15:26,872 - INFO - 成功保存 24 个 kotlin 的仓库
2025-07-15 11:15:26,873 - INFO - 等待 4.03 秒后继续下一种语言
2025-07-15 11:15:30,905 - INFO - 开始爬取 dart 的 Trending 仓库
2025-07-15 11:15:30,905 - INFO - 请求页面: https://github.com/trending/dart (尝试 1/10)
2025-07-15 11:15:40,126 - INFO - 开始解析 dart 的 Trending 页面
2025-07-15 11:15:40,329 - INFO - 成功获取 19 个 Dart 的 Trending 仓库
2025-07-15 11:15:40,334 - INFO - 成功保存 19 个 dart 的仓库
2025-07-15 11:15:40,335 - INFO - 等待 3.46 秒后继续下一种语言
2025-07-15 11:15:43,801 - INFO - 开始爬取 html 的 Trending 仓库
2025-07-15 11:15:43,801 - INFO - 请求页面: https://github.com/trending/html (尝试 1/10)
2025-07-15 11:15:49,458 - INFO - 开始解析 html 的 Trending 页面
2025-07-15 11:15:49,669 - INFO - 成功获取 12 个 HTML 的 Trending 仓库
2025-07-15 11:15:49,673 - INFO - 成功保存 12 个 html 的仓库
2025-07-15 11:15:49,674 - INFO - 等待 4.74 秒后继续下一种语言
2025-07-15 11:15:54,419 - INFO - 开始爬取 css 的 Trending 仓库
2025-07-15 11:15:54,419 - INFO - 请求页面: https://github.com/trending/css (尝试 1/10)
2025-07-15 11:16:02,608 - INFO - 开始解析 css 的 Trending 页面
2025-07-15 11:16:02,860 - INFO - 成功获取 12 个 CSS 的 Trending 仓库
2025-07-15 11:16:02,866 - INFO - 成功保存 12 个 css 的仓库
2025-07-15 11:16:02,866 - INFO - 等待 3.20 秒后继续下一种语言
2025-07-15 11:16:06,072 - INFO - 开始爬取 shell 的 Trending 仓库
2025-07-15 11:16:06,072 - INFO - 请求页面: https://github.com/trending/shell (尝试 1/10)
2025-07-15 11:16:13,146 - INFO - 开始解析 shell 的 Trending 页面
2025-07-15 11:16:13,314 - INFO - 成功获取 10 个 Shell 的 Trending 仓库
2025-07-15 11:16:13,317 - INFO - 成功保存 10 个 shell 的仓库
2025-07-15 11:16:13,318 - INFO - 等待 4.07 秒后继续下一种语言
2025-07-15 11:16:17,389 - INFO - 开始爬取 objective-cscala 的 Trending 仓库
2025-07-15 11:16:17,389 - INFO - 请求页面: https://github.com/trending/objective-cscala (尝试 1/10)
2025-07-15 11:16:19,342 - INFO - 开始解析 objective-cscala 的 Trending 页面
2025-07-15 11:16:19,494 - INFO - 未找到 objective-cscala 的 Trending 仓库
2025-07-15 11:16:19,494 - WARNING - 未找到 objective-cscala 的 Trending 仓库
2025-07-15 11:16:19,494 - INFO - 等待 6.14 秒后继续下一种语言
2025-07-15 11:16:25,640 - INFO - 开始爬取 groovy 的 Trending 仓库
2025-07-15 11:16:25,640 - INFO - 请求页面: https://github.com/trending/groovy (尝试 1/10)
2025-07-15 11:16:35,650 - WARNING - 请求超时: https://github.com/trending/groovy
2025-07-15 11:16:35,650 - INFO - 等待 1.34 秒后重试
2025-07-15 11:16:36,995 - INFO - 请求页面: https://github.com/trending/groovy (尝试 2/10)
2025-07-15 11:17:10,658 - INFO - 开始解析 groovy 的 Trending 页面
2025-07-15 11:17:10,812 - INFO - 成功获取 3 个 Groovy 的 Trending 仓库
2025-07-15 11:17:10,815 - INFO - 成功保存 3 个 groovy 的仓库
2025-07-15 11:17:10,816 - INFO - 等待 3.58 秒后继续下一种语言
2025-07-15 11:17:14,402 - INFO - 开始爬取 haskell 的 Trending 仓库
2025-07-15 11:17:14,402 - INFO - 请求页面: https://github.com/trending/haskell (尝试 1/10)
2025-07-15 11:17:21,101 - INFO - 开始解析 haskell 的 Trending 页面
2025-07-15 11:17:21,273 - INFO - 成功获取 6 个 Haskell 的 Trending 仓库
2025-07-15 11:17:21,276 - INFO - 成功保存 6 个 haskell 的仓库
2025-07-15 11:17:21,276 - INFO - 等待 3.78 秒后继续下一种语言
2025-07-15 11:17:25,058 - INFO - 开始爬取 perl 的 Trending 仓库
2025-07-15 11:17:25,059 - INFO - 请求页面: https://github.com/trending/perl (尝试 1/10)
2025-07-15 11:17:35,728 - INFO - 开始解析 perl 的 Trending 页面
2025-07-15 11:17:35,972 - INFO - 成功获取 12 个 Perl 的 Trending 仓库
2025-07-15 11:17:35,977 - INFO - 成功保存 12 个 perl 的仓库
2025-07-15 11:17:35,977 - INFO - 等待 3.35 秒后继续下一种语言
2025-07-15 11:17:39,325 - INFO - 总共成功保存 326 个仓库到数据库
2025-07-15 11:17:39,325 - INFO - 已清除状态文件
2025-07-15 11:17:39,325 - INFO - ===== GitHub Trending 爬虫执行完成 =====
2025-07-16 14:15:59,150 - INFO - ===== 开始执行 GitHub Trending 爬虫 =====
2025-07-16 14:15:59,168 - INFO - 开始爬取 所有语言 的 Trending 仓库
2025-07-16 14:15:59,168 - INFO - 请求页面: https://github.com/trending (尝试 1/10)
2025-07-16 14:16:01,345 - INFO - 开始解析 所有语言 的 Trending 页面
2025-07-16 14:16:01,598 - INFO - 成功获取 15 个 TypeScript 的 Trending 仓库
2025-07-16 14:16:01,618 - INFO - 成功保存 15 个 所有语言 的仓库
2025-07-16 14:16:01,618 - INFO - 等待 6.90 秒后继续下一种语言
2025-07-16 14:16:08,522 - INFO - 开始爬取 python 的 Trending 仓库
2025-07-16 14:16:08,522 - INFO - 请求页面: https://github.com/trending/python (尝试 1/10)
2025-07-16 14:16:10,398 - INFO - 开始解析 python 的 Trending 页面
2025-07-16 14:16:10,657 - INFO - 成功获取 15 个 Python 的 Trending 仓库
2025-07-16 14:16:10,664 - INFO - 成功保存 15 个 python 的仓库
2025-07-16 14:16:10,664 - INFO - 等待 5.72 秒后继续下一种语言
2025-07-16 14:16:16,390 - INFO - 开始爬取 javascript 的 Trending 仓库
2025-07-16 14:16:16,390 - INFO - 请求页面: https://github.com/trending/javascript (尝试 1/10)
2025-07-16 14:16:18,462 - INFO - 开始解析 javascript 的 Trending 页面
2025-07-16 14:16:18,698 - INFO - 成功获取 16 个 JavaScript 的 Trending 仓库
2025-07-16 14:16:18,709 - INFO - 成功保存 16 个 javascript 的仓库
2025-07-16 14:16:18,709 - INFO - 等待 6.96 秒后继续下一种语言
2025-07-16 14:16:25,677 - INFO - 开始爬取 java 的 Trending 仓库
2025-07-16 14:16:25,678 - INFO - 请求页面: https://github.com/trending/java (尝试 1/10)
2025-07-16 14:16:28,418 - INFO - 开始解析 java 的 Trending 页面
2025-07-16 14:16:28,701 - INFO - 成功获取 21 个 Java 的 Trending 仓库
2025-07-16 14:16:28,713 - INFO - 成功保存 21 个 java 的仓库
2025-07-16 14:16:28,714 - INFO - 等待 4.30 秒后继续下一种语言
2025-07-16 14:16:33,020 - INFO - 开始爬取 typescript 的 Trending 仓库
2025-07-16 14:16:33,021 - INFO - 请求页面: https://github.com/trending/typescript (尝试 1/10)
2025-07-16 14:16:34,995 - INFO - 开始解析 typescript 的 Trending 页面
2025-07-16 14:16:35,284 - INFO - 成功获取 17 个 TypeScript 的 Trending 仓库
2025-07-16 14:16:35,298 - INFO - 成功保存 17 个 typescript 的仓库
2025-07-16 14:16:35,299 - INFO - 等待 5.96 秒后继续下一种语言
2025-07-16 14:16:41,261 - INFO - 开始爬取 c++ 的 Trending 仓库
2025-07-16 14:16:41,261 - INFO - 请求页面: https://github.com/trending/c++ (尝试 1/10)
2025-07-16 14:16:43,256 - INFO - 开始解析 c++ 的 Trending 页面
2025-07-16 14:16:43,580 - INFO - 成功获取 21 个 C++ 的 Trending 仓库
2025-07-16 14:16:43,587 - INFO - 成功保存 21 个 c++ 的仓库
2025-07-16 14:16:43,587 - INFO - 等待 5.33 秒后继续下一种语言
2025-07-16 14:16:48,921 - INFO - 开始爬取 c# 的 Trending 仓库
2025-07-16 14:16:48,922 - INFO - 请求页面: https://github.com/trending/c# (尝试 1/10)
2025-07-16 14:16:51,404 - INFO - 开始解析 c# 的 Trending 页面
2025-07-16 14:16:51,647 - INFO - 成功获取 23 个 C 的 Trending 仓库
2025-07-16 14:16:51,659 - INFO - 成功保存 23 个 c# 的仓库
2025-07-16 14:16:51,659 - INFO - 等待 3.53 秒后继续下一种语言
2025-07-16 14:16:55,197 - INFO - 开始爬取 go 的 Trending 仓库
2025-07-16 14:16:55,197 - INFO - 请求页面: https://github.com/trending/go (尝试 1/10)
2025-07-16 14:16:57,129 - INFO - 开始解析 go 的 Trending 页面
2025-07-16 14:16:57,474 - INFO - 成功获取 22 个 Go 的 Trending 仓库
2025-07-16 14:16:57,481 - INFO - 成功保存 22 个 go 的仓库
2025-07-16 14:16:57,481 - INFO - 等待 4.16 秒后继续下一种语言
2025-07-16 14:17:01,639 - INFO - 开始爬取 rust 的 Trending 仓库
2025-07-16 14:17:01,639 - INFO - 请求页面: https://github.com/trending/rust (尝试 1/10)
2025-07-16 14:17:03,815 - INFO - 开始解析 rust 的 Trending 页面
2025-07-16 14:17:04,216 - INFO - 成功获取 21 个 Rust 的 Trending 仓库
2025-07-16 14:17:04,225 - INFO - 成功保存 21 个 rust 的仓库
2025-07-16 14:17:04,225 - INFO - 等待 5.59 秒后继续下一种语言
2025-07-16 14:17:09,822 - INFO - 开始爬取 php 的 Trending 仓库
2025-07-16 14:17:09,822 - INFO - 请求页面: https://github.com/trending/php (尝试 1/10)
2025-07-16 14:17:12,308 - INFO - 开始解析 php 的 Trending 页面
2025-07-16 14:17:12,555 - INFO - 成功获取 19 个 PHP 的 Trending 仓库
2025-07-16 14:17:12,560 - INFO - 成功保存 19 个 php 的仓库
2025-07-16 14:17:12,560 - INFO - 等待 4.87 秒后继续下一种语言
2025-07-16 14:17:17,432 - INFO - 开始爬取 ruby 的 Trending 仓库
2025-07-16 14:17:17,432 - INFO - 请求页面: https://github.com/trending/ruby (尝试 1/10)
2025-07-16 14:17:19,697 - INFO - 开始解析 ruby 的 Trending 页面
2025-07-16 14:17:19,978 - INFO - 成功获取 21 个 Ruby 的 Trending 仓库
2025-07-16 14:17:19,984 - INFO - 成功保存 21 个 ruby 的仓库
2025-07-16 14:17:19,985 - INFO - 等待 5.97 秒后继续下一种语言
2025-07-16 14:17:25,955 - INFO - 开始爬取 swift 的 Trending 仓库
2025-07-16 14:17:25,955 - INFO - 请求页面: https://github.com/trending/swift (尝试 1/10)
2025-07-16 14:17:35,962 - WARNING - 请求超时: https://github.com/trending/swift
2025-07-16 14:17:35,962 - INFO - 等待 1.43 秒后重试
2025-07-16 14:17:37,401 - INFO - 请求页面: https://github.com/trending/swift (尝试 2/10)
2025-07-16 14:17:47,412 - WARNING - 请求超时: https://github.com/trending/swift
2025-07-16 14:17:47,412 - INFO - 等待 2.99 秒后重试
2025-07-16 14:17:50,409 - INFO - 请求页面: https://github.com/trending/swift (尝试 3/10)
2025-07-16 14:18:13,676 - INFO - 开始解析 swift 的 Trending 页面
2025-07-16 14:18:13,933 - INFO - 成功获取 21 个 Swift 的 Trending 仓库
2025-07-16 14:18:13,939 - INFO - 成功保存 21 个 swift 的仓库
2025-07-16 14:18:13,939 - INFO - 等待 3.30 秒后继续下一种语言
2025-07-16 14:18:17,245 - INFO - 开始爬取 kotlin 的 Trending 仓库
2025-07-16 14:18:17,245 - INFO - 请求页面: https://github.com/trending/kotlin (尝试 1/10)
2025-07-16 14:18:19,208 - INFO - 开始解析 kotlin 的 Trending 页面
2025-07-16 14:18:19,485 - INFO - 成功获取 14 个 Kotlin 的 Trending 仓库
2025-07-16 14:18:19,489 - INFO - 成功保存 14 个 kotlin 的仓库
2025-07-16 14:18:19,490 - INFO - 等待 3.92 秒后继续下一种语言
2025-07-16 14:18:23,417 - INFO - 开始爬取 dart 的 Trending 仓库
2025-07-16 14:18:23,417 - INFO - 请求页面: https://github.com/trending/dart (尝试 1/10)
2025-07-16 14:18:25,528 - INFO - 开始解析 dart 的 Trending 页面
2025-07-16 14:18:25,780 - INFO - 成功获取 22 个 Dart 的 Trending 仓库
2025-07-16 14:18:25,785 - INFO - 成功保存 22 个 dart 的仓库
2025-07-16 14:18:25,785 - INFO - 等待 4.24 秒后继续下一种语言
2025-07-16 14:18:30,030 - INFO - 开始爬取 html 的 Trending 仓库
2025-07-16 14:18:30,030 - INFO - 请求页面: https://github.com/trending/html (尝试 1/10)
2025-07-16 14:18:32,223 - INFO - 开始解析 html 的 Trending 页面
2025-07-16 14:18:32,470 - INFO - 成功获取 17 个 HTML 的 Trending 仓库
2025-07-16 14:18:32,477 - INFO - 成功保存 17 个 html 的仓库
2025-07-16 14:18:32,477 - INFO - 等待 6.07 秒后继续下一种语言
2025-07-16 14:18:38,546 - INFO - 开始爬取 css 的 Trending 仓库
2025-07-16 14:18:38,546 - INFO - 请求页面: https://github.com/trending/css (尝试 1/10)
2025-07-16 14:18:40,452 - INFO - 开始解析 css 的 Trending 页面
2025-07-16 14:18:40,745 - INFO - 成功获取 13 个 CSS 的 Trending 仓库
2025-07-16 14:18:40,750 - INFO - 成功保存 13 个 css 的仓库
2025-07-16 14:18:40,750 - INFO - 等待 5.35 秒后继续下一种语言
2025-07-16 14:18:46,105 - INFO - 开始爬取 shell 的 Trending 仓库
2025-07-16 14:18:46,106 - INFO - 请求页面: https://github.com/trending/shell (尝试 1/10)
2025-07-16 14:18:48,232 - INFO - 开始解析 shell 的 Trending 页面
2025-07-16 14:18:48,466 - INFO - 成功获取 18 个 Shell 的 Trending 仓库
2025-07-16 14:18:48,471 - INFO - 成功保存 18 个 shell 的仓库
2025-07-16 14:18:48,472 - INFO - 等待 5.31 秒后继续下一种语言
2025-07-16 14:18:53,783 - INFO - 开始爬取 objective-cscala 的 Trending 仓库
2025-07-16 14:18:53,784 - INFO - 请求页面: https://github.com/trending/objective-cscala (尝试 1/10)
2025-07-16 14:18:55,236 - INFO - 开始解析 objective-cscala 的 Trending 页面
2025-07-16 14:18:55,431 - INFO - 未找到 objective-cscala 的 Trending 仓库
2025-07-16 14:18:55,431 - WARNING - 未找到 objective-cscala 的 Trending 仓库
2025-07-16 14:18:55,432 - INFO - 等待 3.88 秒后继续下一种语言
2025-07-16 14:18:59,311 - INFO - 开始爬取 groovy 的 Trending 仓库
2025-07-16 14:18:59,311 - INFO - 请求页面: https://github.com/trending/groovy (尝试 1/10)
2025-07-16 14:19:00,813 - INFO - 开始解析 groovy 的 Trending 页面
2025-07-16 14:19:01,006 - INFO - 成功获取 3 个 Groovy 的 Trending 仓库
2025-07-16 14:19:01,009 - INFO - 成功保存 3 个 groovy 的仓库
2025-07-16 14:19:01,010 - INFO - 等待 6.21 秒后继续下一种语言
2025-07-16 14:19:07,222 - INFO - 开始爬取 haskell 的 Trending 仓库
2025-07-16 14:19:07,222 - INFO - 请求页面: https://github.com/trending/haskell (尝试 1/10)
2025-07-16 14:19:08,688 - INFO - 开始解析 haskell 的 Trending 页面
2025-07-16 14:19:08,957 - INFO - 成功获取 5 个 Haskell 的 Trending 仓库
2025-07-16 14:19:08,960 - INFO - 成功保存 5 个 haskell 的仓库
2025-07-16 14:19:08,961 - INFO - 等待 3.71 秒后继续下一种语言
2025-07-16 14:19:12,678 - INFO - 开始爬取 perl 的 Trending 仓库
2025-07-16 14:19:12,678 - INFO - 请求页面: https://github.com/trending/perl (尝试 1/10)
2025-07-16 14:19:14,674 - INFO - 开始解析 perl 的 Trending 页面
2025-07-16 14:19:14,980 - INFO - 成功获取 22 个 Perl 的 Trending 仓库
2025-07-16 14:19:14,987 - INFO - 成功保存 22 个 perl 的仓库
2025-07-16 14:19:14,988 - INFO - 等待 4.76 秒后继续下一种语言
2025-07-16 14:19:19,753 - INFO - 总共成功保存 346 个仓库到数据库
2025-07-16 14:19:19,754 - INFO - 已清除状态文件
2025-07-16 14:19:19,754 - INFO - ===== GitHub Trending 爬虫执行完成 =====
2025-07-17 10:51:31,393 - INFO - ===== 开始执行 GitHub Trending 爬虫 =====
2025-07-17 10:51:31,417 - INFO - 开始爬取 所有语言 的 Trending 仓库
2025-07-17 10:51:31,417 - INFO - 请求页面: https://github.com/trending (尝试 1/10)
2025-07-17 10:51:34,856 - INFO - 开始解析 所有语言 的 Trending 页面
2025-07-17 10:51:35,073 - INFO - 成功获取 15 个 Jupyter Notebook 的 Trending 仓库
2025-07-17 10:51:35,102 - INFO - 成功保存 15 个 所有语言 的仓库
2025-07-17 10:51:35,103 - INFO - 等待 4.82 秒后继续下一种语言
2025-07-17 10:51:39,925 - INFO - 开始爬取 python 的 Trending 仓库
2025-07-17 10:51:39,925 - INFO - 请求页面: https://github.com/trending/python (尝试 1/10)
2025-07-17 10:51:41,715 - INFO - 开始解析 python 的 Trending 页面
2025-07-17 10:51:41,953 - INFO - 成功获取 16 个 Python 的 Trending 仓库
2025-07-17 10:51:41,957 - INFO - 成功保存 16 个 python 的仓库
2025-07-17 10:51:41,957 - INFO - 等待 6.62 秒后继续下一种语言
2025-07-17 10:51:48,579 - INFO - 开始爬取 javascript 的 Trending 仓库
2025-07-17 10:51:48,580 - INFO - 请求页面: https://github.com/trending/javascript (尝试 1/10)
2025-07-17 10:51:50,927 - INFO - 开始解析 javascript 的 Trending 页面
2025-07-17 10:51:51,131 - INFO - 成功获取 12 个 JavaScript 的 Trending 仓库
2025-07-17 10:51:51,135 - INFO - 成功保存 12 个 javascript 的仓库
2025-07-17 10:51:51,135 - INFO - 等待 5.31 秒后继续下一种语言
2025-07-17 10:51:56,442 - INFO - 开始爬取 java 的 Trending 仓库
2025-07-17 10:51:56,442 - INFO - 请求页面: https://github.com/trending/java (尝试 1/10)
2025-07-17 10:51:58,513 - INFO - 开始解析 java 的 Trending 页面
2025-07-17 10:51:58,847 - INFO - 成功获取 24 个 Java 的 Trending 仓库
2025-07-17 10:51:58,855 - INFO - 成功保存 24 个 java 的仓库
2025-07-17 10:51:58,855 - INFO - 等待 3.94 秒后继续下一种语言
2025-07-17 10:52:02,803 - INFO - 开始爬取 typescript 的 Trending 仓库
2025-07-17 10:52:02,803 - INFO - 请求页面: https://github.com/trending/typescript (尝试 1/10)
2025-07-17 10:52:05,311 - INFO - 开始解析 typescript 的 Trending 页面
2025-07-17 10:52:05,577 - INFO - 成功获取 19 个 TypeScript 的 Trending 仓库
2025-07-17 10:52:05,584 - INFO - 成功保存 19 个 typescript 的仓库
2025-07-17 10:52:05,586 - INFO - 等待 6.83 秒后继续下一种语言
2025-07-17 10:52:12,419 - INFO - 开始爬取 c++ 的 Trending 仓库
2025-07-17 10:52:12,419 - INFO - 请求页面: https://github.com/trending/c++ (尝试 1/10)
2025-07-17 10:52:14,478 - INFO - 开始解析 c++ 的 Trending 页面
2025-07-17 10:52:14,782 - INFO - 成功获取 22 个 C++ 的 Trending 仓库
2025-07-17 10:52:14,792 - INFO - 成功保存 22 个 c++ 的仓库
2025-07-17 10:52:14,792 - INFO - 等待 6.64 秒后继续下一种语言
2025-07-17 10:52:21,434 - INFO - 开始爬取 c# 的 Trending 仓库
2025-07-17 10:52:21,434 - INFO - 请求页面: https://github.com/trending/c# (尝试 1/10)
2025-07-17 10:52:23,347 - INFO - 开始解析 c# 的 Trending 页面
2025-07-17 10:52:23,574 - INFO - 成功获取 23 个 C 的 Trending 仓库
2025-07-17 10:52:23,582 - INFO - 成功保存 23 个 c# 的仓库
2025-07-17 10:52:23,583 - INFO - 等待 6.62 秒后继续下一种语言
2025-07-17 10:52:30,203 - INFO - 开始爬取 go 的 Trending 仓库
2025-07-17 10:52:30,204 - INFO - 请求页面: https://github.com/trending/go (尝试 1/10)
2025-07-17 10:52:40,813 - INFO - 开始解析 go 的 Trending 页面
2025-07-17 10:52:41,033 - INFO - 成功获取 19 个 Go 的 Trending 仓库
2025-07-17 10:52:41,037 - INFO - 成功保存 19 个 go 的仓库
2025-07-17 10:52:41,038 - INFO - 等待 3.19 秒后继续下一种语言
2025-07-17 10:52:44,234 - INFO - 开始爬取 rust 的 Trending 仓库
2025-07-17 10:52:44,234 - INFO - 请求页面: https://github.com/trending/rust (尝试 1/10)
2025-07-17 10:52:50,203 - INFO - 开始解析 rust 的 Trending 页面
2025-07-17 10:52:50,503 - INFO - 成功获取 21 个 Rust 的 Trending 仓库
2025-07-17 10:52:50,510 - INFO - 成功保存 21 个 rust 的仓库
2025-07-17 10:52:50,511 - INFO - 等待 6.55 秒后继续下一种语言
2025-07-17 10:52:57,059 - INFO - 开始爬取 php 的 Trending 仓库
2025-07-17 10:52:57,059 - INFO - 请求页面: https://github.com/trending/php (尝试 1/10)
2025-07-17 10:53:09,400 - WARNING - 请求超时: https://github.com/trending/php
2025-07-17 10:53:09,400 - INFO - 等待 1.95 秒后重试
2025-07-17 10:53:11,354 - INFO - 请求页面: https://github.com/trending/php (尝试 2/10)
2025-07-17 10:53:13,527 - INFO - 开始解析 php 的 Trending 页面
2025-07-17 10:53:13,790 - INFO - 成功获取 22 个 PHP 的 Trending 仓库
2025-07-17 10:53:13,796 - INFO - 成功保存 22 个 php 的仓库
2025-07-17 10:53:13,796 - INFO - 等待 6.79 秒后继续下一种语言
2025-07-17 10:53:20,589 - INFO - 开始爬取 ruby 的 Trending 仓库
2025-07-17 10:53:20,589 - INFO - 请求页面: https://github.com/trending/ruby (尝试 1/10)
2025-07-17 10:53:22,799 - INFO - 开始解析 ruby 的 Trending 页面
2025-07-17 10:53:23,142 - INFO - 成功获取 19 个 Ruby 的 Trending 仓库
2025-07-17 10:53:23,148 - INFO - 成功保存 19 个 ruby 的仓库
2025-07-17 10:53:23,149 - INFO - 等待 3.21 秒后继续下一种语言
2025-07-17 10:53:26,361 - INFO - 开始爬取 swift 的 Trending 仓库
2025-07-17 10:53:26,361 - INFO - 请求页面: https://github.com/trending/swift (尝试 1/10)
2025-07-17 10:53:30,171 - INFO - 开始解析 swift 的 Trending 页面
2025-07-17 10:53:30,466 - INFO - 成功获取 21 个 Swift 的 Trending 仓库
2025-07-17 10:53:30,472 - INFO - 成功保存 21 个 swift 的仓库
2025-07-17 10:53:30,473 - INFO - 等待 4.67 秒后继续下一种语言
2025-07-17 10:53:35,145 - INFO - 开始爬取 kotlin 的 Trending 仓库
2025-07-17 10:53:35,145 - INFO - 请求页面: https://github.com/trending/kotlin (尝试 1/10)
2025-07-17 10:53:38,176 - INFO - 开始解析 kotlin 的 Trending 页面
2025-07-17 10:53:38,542 - INFO - 成功获取 17 个 Kotlin 的 Trending 仓库
2025-07-17 10:53:38,547 - INFO - 成功保存 17 个 kotlin 的仓库
2025-07-17 10:53:38,547 - INFO - 等待 5.38 秒后继续下一种语言
2025-07-17 10:53:43,931 - INFO - 开始爬取 dart 的 Trending 仓库
2025-07-17 10:53:43,931 - INFO - 请求页面: https://github.com/trending/dart (尝试 1/10)
2025-07-17 10:53:46,767 - INFO - 开始解析 dart 的 Trending 页面
2025-07-17 10:53:47,046 - INFO - 成功获取 19 个 Dart 的 Trending 仓库
2025-07-17 10:53:47,053 - INFO - 成功保存 19 个 dart 的仓库
2025-07-17 10:53:47,053 - INFO - 等待 5.97 秒后继续下一种语言
2025-07-17 10:53:53,022 - INFO - 开始爬取 html 的 Trending 仓库
2025-07-17 10:53:53,022 - INFO - 请求页面: https://github.com/trending/html (尝试 1/10)
2025-07-17 10:53:55,305 - INFO - 开始解析 html 的 Trending 页面
2025-07-17 10:53:55,528 - INFO - 成功获取 17 个 HTML 的 Trending 仓库
2025-07-17 10:53:55,533 - INFO - 成功保存 17 个 html 的仓库
2025-07-17 10:53:55,533 - INFO - 等待 5.64 秒后继续下一种语言
2025-07-17 10:54:01,177 - INFO - 开始爬取 css 的 Trending 仓库
2025-07-17 10:54:01,177 - INFO - 请求页面: https://github.com/trending/css (尝试 1/10)
2025-07-17 10:54:03,068 - INFO - 开始解析 css 的 Trending 页面
2025-07-17 10:54:03,332 - INFO - 成功获取 8 个 CSS 的 Trending 仓库
2025-07-17 10:54:03,338 - INFO - 成功保存 8 个 css 的仓库
2025-07-17 10:54:03,338 - INFO - 等待 4.42 秒后继续下一种语言
2025-07-17 10:54:07,765 - INFO - 开始爬取 shell 的 Trending 仓库
2025-07-17 10:54:07,765 - INFO - 请求页面: https://github.com/trending/shell (尝试 1/10)
2025-07-17 10:54:10,671 - INFO - 开始解析 shell 的 Trending 页面
2025-07-17 10:54:10,894 - INFO - 成功获取 17 个 Shell 的 Trending 仓库
2025-07-17 10:54:10,899 - INFO - 成功保存 17 个 shell 的仓库
2025-07-17 10:54:10,899 - INFO - 等待 6.53 秒后继续下一种语言
2025-07-17 10:54:17,432 - INFO - 开始爬取 objective-cscala 的 Trending 仓库
2025-07-17 10:54:17,432 - INFO - 请求页面: https://github.com/trending/objective-cscala (尝试 1/10)
2025-07-17 10:55:01,348 - INFO - 开始解析 objective-cscala 的 Trending 页面
2025-07-17 10:55:01,545 - INFO - 未找到 objective-cscala 的 Trending 仓库
2025-07-17 10:55:01,545 - WARNING - 未找到 objective-cscala 的 Trending 仓库
2025-07-17 10:55:01,546 - INFO - 等待 4.13 秒后继续下一种语言
2025-07-17 10:55:05,684 - INFO - 开始爬取 groovy 的 Trending 仓库
2025-07-17 10:55:05,684 - INFO - 请求页面: https://github.com/trending/groovy (尝试 1/10)
2025-07-17 10:55:07,287 - INFO - 开始解析 groovy 的 Trending 页面
2025-07-17 10:55:07,457 - INFO - 成功获取 4 个 Groovy 的 Trending 仓库
2025-07-17 10:55:07,462 - INFO - 成功保存 4 个 groovy 的仓库
2025-07-17 10:55:07,462 - INFO - 等待 6.91 秒后继续下一种语言
2025-07-17 10:55:14,381 - INFO - 开始爬取 haskell 的 Trending 仓库
2025-07-17 10:55:14,382 - INFO - 请求页面: https://github.com/trending/haskell (尝试 1/10)
2025-07-17 10:55:24,395 - WARNING - 请求超时: https://github.com/trending/haskell
2025-07-17 10:55:24,396 - INFO - 等待 1.76 秒后重试
2025-07-17 10:55:26,165 - INFO - 请求页面: https://github.com/trending/haskell (尝试 2/10)
2025-07-17 10:55:36,173 - WARNING - 请求超时: https://github.com/trending/haskell
2025-07-17 10:55:36,173 - INFO - 等待 2.22 秒后重试
2025-07-17 10:55:38,395 - INFO - 请求页面: https://github.com/trending/haskell (尝试 3/10)
2025-07-17 10:55:48,401 - WARNING - 请求超时: https://github.com/trending/haskell
2025-07-17 10:55:48,401 - INFO - 等待 4.16 秒后重试
2025-07-17 10:55:52,564 - INFO - 请求页面: https://github.com/trending/haskell (尝试 4/10)
2025-07-17 10:55:54,066 - INFO - 开始解析 haskell 的 Trending 页面
2025-07-17 10:55:54,389 - INFO - 成功获取 7 个 Haskell 的 Trending 仓库
2025-07-17 10:55:54,393 - INFO - 成功保存 7 个 haskell 的仓库
2025-07-17 10:55:54,394 - INFO - 等待 3.59 秒后继续下一种语言
2025-07-17 10:55:57,982 - INFO - 开始爬取 perl 的 Trending 仓库
2025-07-17 10:55:57,983 - INFO - 请求页面: https://github.com/trending/perl (尝试 1/10)
2025-07-17 10:55:59,931 - INFO - 开始解析 perl 的 Trending 页面
2025-07-17 10:56:00,257 - INFO - 成功获取 23 个 Perl 的 Trending 仓库
2025-07-17 10:56:00,262 - INFO - 成功保存 23 个 perl 的仓库
2025-07-17 10:56:00,262 - INFO - 等待 5.62 秒后继续下一种语言
2025-07-17 10:56:05,886 - INFO - 总共成功保存 345 个仓库到数据库
2025-07-17 10:56:05,886 - INFO - 已清除状态文件
2025-07-17 10:56:05,886 - INFO - ===== GitHub Trending 爬虫执行完成 =====
